============================= test session starts ==============================
platform linux -- Python 3.13.7, pytest-9.0.2, pluggy-1.6.0 -- /home/sirine/Desktop/MobilityAPI/env/bin/python3
cachedir: .pytest_cache
rootdir: /home/sirine/Desktop/MobilityAPI/tests
plugins: dash-4.1.0, anyio-4.11.0
collecting ... collected 35 items

test_mobility_api.py::test_get_all_collections 
===| CREATE COLLECTION SHIPS |===
==> POST http://localhost:8080/collections
Request JSON: {
  "title": "ships",
  "updateFrequency": 1000,
  "description": "Collection of ship trajectories (Trips)",
  "itemType": "movingfeature"
}
<== Status: 409
Response JSON: {
  "code": "409",
  "description": "Collection \"ships\" already exists."
}
============================================================


===| CREATE COLLECTION BOATS |===
==> POST http://localhost:8080/collections
Request JSON: {
  "title": "boats",
  "updateFrequency": 1000,
  "description": "Collection of boat movements (Trips)",
  "itemType": "movingfeature"
}
<== Status: 409
Response JSON: {
  "code": "409",
  "description": "Collection \"boats\" already exists."
}
============================================================


===| GET ALL COLLECTIONS |===
==> GET http://localhost:8080/collections
<== Status: 200
Response JSON: {
  "collections": [
    {
      "id": "prop_test",
      "title": "prop_test",
      "description": "Collection for property testing",
      "itemType": "movingfeature",
      "updateFrequency": 1000,
      "extent": {
        "spatial": {
          "bbox": [
            4326.0,
            12.675237,
            54.524345,
            12.715237
          ],
          "crs": {
            "type": "name",
            "properties": "urn:ogc:def:crs:EPSG::4326"
          }
        },
        "temporal": {
          "interval": [
            "2024-03-01 00:00:00+00",
            "2024-03-01 01:00:00+00"
          ],
          "trs": {
            "type": "Name",
            "properties": {
              "name": "urn:ogc:data:time:iso8601"
            }
          }
        }
      },
      "links": [
        {
          "href": "http://localhost:8080/collections/prop_test",
          "rel": 
============================================================

PASSED
test_mobility_api.py::test_get_single_collection 
===| GET SINGLE COLLECTION SHIPS |===
==> GET http://localhost:8080/collections/ships
<== Status: 200
Response JSON: {
  "id": "ships",
  "title": "Vessels",
  "description": "Updated collection for vessels",
  "itemType": "movingfeature",
  "updateFrequency": 1000,
  "extent": {
    "spatial": {
      "bbox": [
        25832.0,
        406269.144991072,
        5943153.046693679,
        1125758.0693013691
      ],
      "crs": {
        "type": "name",
        "properties": {
          "name": "urn:ogc:def:crs:EPSG::25832"
        }
      }
    },
    "temporal": {
      "interval": [
        "2024-08-07 00:00:00+00",
        "2024-08-07 23:59:58+00"
      ],
      "trs": {
        "type": "Link",
        "properties": {
          "href": "http://www.opengis.net/def/uom/ISO-8601/0/Gregorian",
          "type": "ogcdef"
        }
      }
    }
  },
  "links": [
    {
      "href": "http://localhost:8080/collections/ships",
      "rel": "self",
      "type": "application/json"
    }
  ]
}
============================================================

PASSED
test_mobility_api.py::test_replace_collection 
===| UPDATE COLLECTION SHIPS |===
==> PUT http://localhost:8080/collections/ships
Request JSON: {
  "title": "Vessels",
  "description": "Updated collection for vessels"
}
<== Status: 204
Response Text: 
============================================================


===| VERIFY UPDATE SHIPS |===
==> GET http://localhost:8080/collections/ships
<== Status: 200
Response JSON: {
  "id": "ships",
  "title": "Vessels",
  "description": "Updated collection for vessels",
  "itemType": "movingfeature",
  "updateFrequency": 1000,
  "extent": {
    "spatial": {
      "bbox": [
        25832.0,
        406269.144991072,
        5943153.046693679,
        1125758.0693013691
      ],
      "crs": {
        "type": "name",
        "properties": {
          "name": "urn:ogc:def:crs:EPSG::25832"
        }
      }
    },
    "temporal": {
      "interval": [
        "2024-08-07 00:00:00+00",
        "2024-08-07 23:59:58+00"
      ],
      "trs": {
        "type": "Link",
        "properties": {
          "href": "http://www.opengis.net/def/uom/ISO-8601/0/Gregorian",
          "type": "ogcdef"
        }
      }
    }
  },
  "links": [
    {
      "href": "http://localhost:8080/collections/ships",
      "rel": "self",
      "type": "application/json"
    }
  ]
}
============================================================

PASSED
test_mobility_api.py::test_delete_collection 
===| CREATE TEMP COLLECTION |===
==> POST http://localhost:8080/collections
Request JSON: {
  "title": "Temp",
  "description": "Temp collection",
  "updateFrequency": 1,
  "itemType": "movingfeature"
}
<== Status: 201
Response Text: 
============================================================


===| DELETE COLLECTION TEMP |===
==> DELETE http://localhost:8080/collections/temp
<== Status: 204
Response Text: 
============================================================

PASSED
test_mobility_api.py::test_create_single_feature 
===| CREATE SINGLE FEATURE |===
==> POST http://localhost:8080/collections/ships/items
Request JSON: {
  "type": "Feature",
  "id": "205106000",
  "crs": {
    "type": "name",
    "properties": "urn:ogc:def:crs:EPSG::25832"
  },
  "temporalGeometry": {
    "type": "MovingPoint",
    "crs": {
      "type": "Name",
      "properties": {
        "name": "EPSG:25832"
      }
    },
    "coordinates": [
      [
        521540.8524271933,
        5995709.1325980425
      ],
      [
        527584.9427516073,
        6002097.871513959
      ],
      [
        569588.7865754297,
        6024716.709190846
      ],
      [
        574764.4548185597,
        6024737.290649606
      ],
      [
        57
<== Status: 201
Response JSON: {
  "message": "Created 1 features",
  "ids": [
    "205106000"
  ]
}
============================================================

PASSED
test_mobility_api.py::test_create_feature_collection Batch: Created 20 features
Batch: Created 20 features
Batch: Created 20 features
Batch: Created 20 features
Batch: Created 20 features
Batch: Created 20 features
Batch: Created 20 features
Successfully created 140 features
PASSED
test_mobility_api.py::test_get_all_items 
===| GET ALL ITEMS FROM SHIPS |===
==> GET http://localhost:8080/collections/ships/items
<== Status: 200
Response JSON: {
  "type": "FeatureCollection",
  "features": [
    {
      "type": "Feature",
      "id": "205196000",
      "properties": {
        "IMO": null,
        "Name": "NP 460",
        "ShipType": "Other",
        "Destination": "NHA"
      },
      "bbox": [
        25832.0,
        653245.4569440586,
        6056877.575342324,
        653275.2685850703
      ],
      "time": [
        "2024-08-07 00:00:20+00",
        "2024-08-07 23:57:20+00"
      ],
      "crs": {
        "type": "name",
        "properties": {
          "name": "urn:ogc:def:crs:EPSG::25832"
        }
      },
      "trs": {
        "type": "Link",
        "properties": {
          "href": "http://www.opengis.net/def/uom/ISO-8601/0/Gregorian",
          "type": "ogcdef"
        }
      },
      "links": [
        {
          "href": "/collections/ships/items/205196000",
          "rel": "self",
          "type": "applic
============================================================

PASSED
test_mobility_api.py::test_get_items_with_limit 
===| GET ITEMS WITH LIMIT=1 |===
==> GET http://localhost:8080/collections/ships/items?limit=1
<== Status: 200
Response JSON: {
  "type": "FeatureCollection",
  "features": [
    {
      "type": "Feature",
      "id": "205196000",
      "properties": {
        "IMO": null,
        "Name": "NP 460",
        "ShipType": "Other",
        "Destination": "NHA"
      },
      "bbox": [
        25832.0,
        653245.4569440586,
        6056877.575342324,
        653275.2685850703
      ],
      "time": [
        "2024-08-07 00:00:20+00",
        "2024-08-07 23:57:20+00"
      ],
      "crs": {
        "type": "name",
        "properties": {
          "name": "urn:ogc:def:crs:EPSG::25832"
        }
      },
      "trs": {
        "type": "Link",
        "properties": {
          "href": "http://www.opengis.net/def/uom/ISO-8601/0/Gregorian",
          "type": "ogcdef"
        }
      },
      "links": [
        {
          "href": "/collections/ships/items/205196000",
          "rel": "self",
          "type": "applic
============================================================

PASSED
test_mobility_api.py::test_get_items_with_bbox 
===| GET ITEMS WITH BBOX=12.675237,54.524345,12.685237,54.534345 |===
==> GET http://localhost:8080/collections/ships/items?bbox=12.675237,54.524345,12.685237,54.534345
<== Status: 200
Response JSON: {
  "type": "FeatureCollection",
  "features": [],
  "timeStamp": "2026-05-22T10:29:56.341186Z",
  "numberMatched": 0,
  "numberReturned": 0,
  "links": [
    {
      "href": "/collections/ships/items?bbox=12.675237,54.524345,12.685237,54.534345",
      "rel": "self",
      "type": "application/json"
    }
  ]
}
============================================================

PASSED
test_mobility_api.py::test_get_items_with_datetime 
===| GET ITEMS WITH DATETIME=2024-03-01T00%3A00%3A00%2B01 |===
==> GET http://localhost:8080/collections/ships/items?datetime=2024-03-01T00%3A00%3A00%2B01
<== Status: 200
Response JSON: {
  "type": "FeatureCollection",
  "features": [],
  "timeStamp": "2026-05-22T10:29:56.372321Z",
  "numberMatched": 0,
  "numberReturned": 0,
  "links": [
    {
      "href": "/collections/ships/items?datetime=2024-03-01T00%3A00%3A00%2B01",
      "rel": "self",
      "type": "application/json"
    }
  ]
}
============================================================

PASSED
test_mobility_api.py::test_get_items_invalid_limit 
===| GET ITEMS WITH INVALID LIMIT |===
==> GET http://localhost:8080/collections/ships/items?limit=invalid
<== Status: 400
Response JSON: {
  "code": "400",
  "description": "Invalid limit parameter"
}
============================================================

PASSED
test_mobility_api.py::test_get_items_subtrajectory_without_datetime 
===| GET ITEMS WITH SUBTRAJECTORY=TRUE WITHOUT DATETIME |===
==> GET http://localhost:8080/collections/ships/items?subTrajectory=true
<== Status: 400
Response JSON: {
  "code": "400",
  "description": "subTrajectory requires a datetime interval"
}
============================================================

PASSED
test_mobility_api.py::test_get_items_subtrajectory_with_interval 
===| GET ITEMS WITH SUBTRAJECTORY INTERVAL=2024-03-01T00%3A00%3A00%2B01/2024-03-01T01%3A00%3A00%2B01 |===
==> GET http://localhost:8080/collections/ships/items?subTrajectory=true&datetime=2024-03-01T00%3A00%3A00%2B01/2024-03-01T01%3A00%3A00%2B01
<== Status: 200
Response JSON: {
  "type": "FeatureCollection",
  "features": [],
  "timeStamp": "2026-05-22T10:29:56.405794Z",
  "numberMatched": 0,
  "numberReturned": 0,
  "links": [
    {
      "href": "/collections/ships/items?subTrajectory=true&datetime=2024-03-01T00%3A00%3A00%2B01/2024-03-01T01%3A00%3A00%2B01",
      "rel": "self",
      "type": "application/json"
    }
  ]
}
============================================================

PASSED
test_mobility_api.py::test_get_items_leaf 
===| GET ITEMS WITH LEAF=TRUE |===
==> GET http://localhost:8080/collections/ships/items?leaf=true
<== Status: 200
Response JSON: {
  "type": "FeatureCollection",
  "features": [
    {
      "type": "Feature",
      "id": "205196000",
      "properties": {
        "IMO": null,
        "Name": "NP 460",
        "ShipType": "Other",
        "Destination": "NHA"
      },
      "bbox": [
        25832.0,
        653245.4569440586,
        6056877.575342324,
        653275.2685850703
      ],
      "time": [
        "2024-08-07 00:00:20+00",
        "2024-08-07 23:57:20+00"
      ],
      "crs": {
        "type": "name",
        "properties": {
          "name": "urn:ogc:def:crs:EPSG::25832"
        }
      },
      "trs": {
        "type": "Link",
        "properties": {
          "href": "http://www.opengis.net/def/uom/ISO-8601/0/Gregorian",
          "type": "ogcdef"
        }
      },
      "links": [
        {
          "href": "/collections/ships/items/205196000",
          "rel": "self",
          "type": "applic
============================================================

PASSED
test_mobility_api.py::test_get_items_leaf_with_subtrajectory 
===| GET ITEMS WITH LEAF=TRUE & SUBTRAJECTORY=TRUE |===
==> GET http://localhost:8080/collections/ships/items?leaf=true&subTrajectory=true&datetime=2024-03-01T00%3A00%3A00%2B01/2024-03-01T01%3A00%3A00%2B01
<== Status: 400
Response JSON: {
  "code": "400",
  "description": "subTrajectory cannot be used with leaf"
}
============================================================

PASSED
test_mobility_api.py::test_get_single_moving_feature 
=== GET single feature 205106000 ===
==> URL: http://localhost:8080/collections/ships/items/205106000
<== Status: 200
Response JSON: {
  "type": "Feature",
  "id": "205106000",
  "properties": {
    "name": "Ship_205106000",
    "type": "cargo"
  },
  "bbox": [
    25832.0,
    521540.8524271933,
    5995709.1325980425,
    669813.8902702401
  ],
  "time": [
    "2024-08-07 11:04:09+00",
    "2024-08-07 23:59:58+00"
  ],
  "crs": {
    "type": "name",
    "properties": "urn:ogc:def:crs:EPSG::25832"
  },
  "trs": {
    "type": "Name",
    "properties": {
      "name": "urn:ogc:data:time:iso8601"
    }
  },
  "links": [
    {
      "href": "/collections/ships/items/205106000",
      "rel": "self",
      "type": "application/json"
    },
    {
      "href": "/collections/ships/items/205106000/tgsequence",
      "rel": "http://www.opengis.net/def/rel/ogc/1.0/temporal-geometry",
      "type": "application/json"
    },
    {
      "href": "/collections/ships/items/205106000/tproperties",
      "rel": "http://www.opengis.net/def/rel/ogc/1.0/temporal-properties",
      "type": "application/json"
    }
  ],
  "temporalGeometry": [
    {
      "id": 147,
      "type": "MovingPoint",
      "datetimes": [
        "2024-08-07T11:04:09+00",
        "2024-08-07T11:49:09+00",
        "2024-08-07T16:43:09+00",
        "2024-08-07T17:53:36+00",
        "2024-08-07T17:53:48+00",
        "2024-08-07T17:54:48+00",
        "2024-08-07T17:56:18+00",
        "2024-08-07T17:56:39+00",
        "2024-08-07T17:56:48+00",
        "2024-08-07T17:57:59+00",
        "2024-08-07T17:58:29+00",
        "2024-08-07T17:58:39+00",
        "2024-08-07T17:59:29+00",
        "2024-08-07T17:59:39+00",
        "2024-08-07T18:00:29+00",
        "2024-08-07T18:00:39+00",
        "2024-08-07T18:01:29+00",
        "2024-08-07T18:01:39+00",
        "2024-08-07T18:02:08+00",
        "2024-08-07T18:10:09+00",
        "2024-08-07T18:13:49+00",
        "2024-08-07T18:15:49+00",
        "2024-08-07T18:16:38+00",
        "2024-08-07T18:20:19+00",
        "2024-08-07T18:21:59+00",
        "2024-08-07T18:22:09+00",
        "2024-08-07T18:22:59+00",
        "2024-08-07T18:23:09+00",
        "2024-08-07T18:23:18+00",
        "2024-08-07T18:23:39+00",
        "2024-08-07T18:23:59+00",
        "2024-08-07T18:24:18+00",
        "2024-08-07T18:24:39+00",
        "2024-08-07T18:25:18+00",
        "2024-08-07T18:25:49+00",
        "2024-08-07T18:26:08+00",
        "2024-08-07T18:26:28+00",
        "2024-08-07T18:27:08+00",
        "2024-08-07T18:27:18+00",
        "2024-08-07T18:27:28+00",
        "2024-08-07T18:27:48+00",
        "2024-08-07T18:28:28+00",
        "2024-08-07T18:28:38+00",
        "2024-08-07T18:28:48+00",
        "2024-08-07T18:29:28+00",
        "2024-08-07T18:30:18+00",
        "2024-08-07T18:30:38+00",
        "2024-08-07T18:31:18+00",
        "2024-08-07T18:31:28+00",
        "2024-08-07T18:31:38+00",
        "2024-08-07T18:31:48+00",
        "2024-08-07T18:31:59+00",
        "2024-08-07T18:32:18+00",
        "2024-08-07T18:33:09+00",
        "2024-08-07T18:33:18+00",
        "2024-08-07T18:33:29+00",
        "2024-08-07T18:33:49+00",
        "2024-08-07T18:33:59+00",
        "2024-08-07T18:34:09+00",
        "2024-08-07T18:34:18+00",
        "2024-08-07T18:34:49+00",
        "2024-08-07T18:34:59+00",
        "2024-08-07T18:35:09+00",
        "2024-08-07T18:35:18+00",
        "2024-08-07T18:35:29+00",
        "2024-08-07T18:35:49+00",
        "2024-08-07T18:36:09+00",
        "2024-08-07T18:36:19+00",
        "2024-08-07T18:36:29+00",
        "2024-08-07T18:36:49+00",
        "2024-08-07T18:36:59+00",
        "2024-08-07T18:37:19+00",
        "2024-08-07T18:37:49+00",
        "2024-08-07T18:37:59+00",
        "2024-08-07T18:38:09+00",
        "2024-08-07T18:38:19+00",
        "2024-08-07T18:39:09+00",
        "2024-08-07T18:39:49+00",
        "2024-08-07T18:39:59+00",
        "2024-08-07T18:40:09+00",
        "2024-08-07T18:40:19+00",
        "2024-08-07T18:40:49+00",
        "2024-08-07T18:40:59+00",
        "2024-08-07T18:41:09+00",
        "2024-08-07T18:41:19+00",
        "2024-08-07T18:41:28+00",
        "2024-08-07T18:41:49+00",
        "2024-08-07T18:41:59+00",
        "2024-08-07T18:42:09+00",
        "2024-08-07T18:42:19+00",
        "2024-08-07T18:42:28+00",
        "2024-08-07T18:42:39+00",
        "2024-08-07T18:42:49+00",
        "2024-08-07T18:42:59+00",
        "2024-08-07T18:43:09+00",
        "2024-08-07T18:43:18+00",
        "2024-08-07T18:43:39+00",
        "2024-08-07T18:43:49+00",
        "2024-08-07T18:43:58+00",
        "2024-08-07T18:44:09+00",
        "2024-08-07T18:44:28+00",
        "2024-08-07T18:44:32+00",
        "2024-08-07T18:44:49+00",
        "2024-08-07T18:44:58+00",
        "2024-08-07T18:45:09+00",
        "2024-08-07T18:45:18+00",
        "2024-08-07T18:45:28+00",
        "2024-08-07T18:45:49+00",
        "2024-08-07T18:45:58+00",
        "2024-08-07T18:46:18+00",
        "2024-08-07T18:46:39+00",
        "2024-08-07T18:46:49+00",
        "2024-08-07T18:46:58+00",
        "2024-08-07T18:47:09+00",
        "2024-08-07T18:47:39+00",
        "2024-08-07T18:48:09+00",
        "2024-08-07T18:48:39+00",
        "2024-08-07T18:48:49+00",
        "2024-08-07T18:49:39+00",
        "2024-08-07T18:49:49+00",
        "2024-08-07T18:49:59+00",
        "2024-08-07T18:50:18+00",
        "2024-08-07T18:50:29+00",
        "2024-08-07T18:50:39+00",
        "2024-08-07T18:50:49+00",
        "2024-08-07T18:50:59+00",
        "2024-08-07T18:51:09+00",
        "2024-08-07T18:51:29+00",
        "2024-08-07T18:51:39+00",
        "2024-08-07T18:51:49+00",
        "2024-08-07T18:51:59+00",
        "2024-08-07T18:52:18+00",
        "2024-08-07T18:52:29+00",
        "2024-08-07T18:52:59+00",
        "2024-08-07T18:53:18+00",
        "2024-08-07T18:53:29+00",
        "2024-08-07T18:53:49+00",
        "2024-08-07T18:54:18+00",
        "2024-08-07T18:54:29+00",
        "2024-08-07T18:54:49+00",
        "2024-08-07T18:54:59+00",
        "2024-08-07T18:55:09+00",
        "2024-08-07T18:55:18+00",
        "2024-08-07T18:55:29+00",
        "2024-08-07T18:55:39+00",
        "2024-08-07T18:55:59+00",
        "2024-08-07T18:56:09+00",
        "2024-08-07T18:56:18+00",
        "2024-08-07T18:56:29+00",
        "2024-08-07T18:56:39+00",
        "2024-08-07T18:56:59+00",
        "2024-08-07T18:57:09+00",
        "2024-08-07T18:57:18+00",
        "2024-08-07T18:57:29+00",
        "2024-08-07T18:57:39+00",
        "2024-08-07T18:57:59+00",
        "2024-08-07T18:58:09+00",
        "2024-08-07T18:58:18+00",
        "2024-08-07T18:58:29+00",
        "2024-08-07T18:58:39+00",
        "2024-08-07T18:58:59+00",
        "2024-08-07T18:59:09+00",
        "2024-08-07T18:59:18+00",
        "2024-08-07T18:59:29+00",
        "2024-08-07T18:59:39+00",
        "2024-08-07T18:59:59+00",
        "2024-08-07T19:00:09+00",
        "2024-08-07T19:00:20+00",
        "2024-08-07T19:00:29+00",
        "2024-08-07T19:00:38+00",
        "2024-08-07T19:00:59+00",
        "2024-08-07T19:01:09+00",
        "2024-08-07T19:01:20+00",
        "2024-08-07T19:01:29+00",
        "2024-08-07T19:01:38+00",
        "2024-08-07T19:01:59+00",
        "2024-08-07T19:02:09+00",
        "2024-08-07T19:02:20+00",
        "2024-08-07T19:02:29+00",
        "2024-08-07T19:02:31+00",
        "2024-08-07T19:02:38+00",
        "2024-08-07T19:02:49+00",
        "2024-08-07T19:02:59+00",
        "2024-08-07T19:03:09+00",
        "2024-08-07T19:03:20+00",
        "2024-08-07T19:03:29+00",
        "2024-08-07T19:03:38+00",
        "2024-08-07T19:03:49+00",
        "2024-08-07T19:03:59+00",
        "2024-08-07T19:04:09+00",
        "2024-08-07T19:04:20+00",
        "2024-08-07T19:04:38+00",
        "2024-08-07T19:04:51+00",
        "2024-08-07T19:04:52+00",
        "2024-08-07T19:04:58+00",
        "2024-08-07T19:05:05+00",
        "2024-08-07T19:05:13+00",
        "2024-08-07T19:05:15+00",
        "2024-08-07T19:05:20+00",
        "2024-08-07T19:05:38+00",
        "2024-08-07T19:05:49+00",
        "2024-08-07T19:05:58+00",
        "2024-08-07T19:06:09+00",
        "2024-08-07T19:06:11+00",
        "2024-08-07T19:06:15+00",
        "2024-08-07T19:06:22+00",
        "2024-08-07T19:06:30+00",
        "2024-08-07T19:06:49+00",
        "2024-08-07T19:06:58+00",
        "2024-08-07T19:07:09+00",
        "2024-08-07T19:07:19+00",
        "2024-08-07T19:07:30+00",
        "2024-08-07T19:07:49+00",
        "2024-08-07T19:07:58+00",
        "2024-08-07T19:08:10+00",
        "2024-08-07T19:08:19+00",
        "2024-08-07T19:08:30+00",
        "2024-08-07T19:08:34+00",
        "2024-08-07T19:08:39+00",
        "2024-08-07T19:08:49+00",
        "2024-08-07T19:09:10+00",
        "2024-08-07T19:09:19+00",
        "2024-08-07T19:09:30+00",
        "2024-08-07T19:09:39+00",
        "2024-08-07T19:09:49+00",
        "2024-08-07T19:09:58+00",
        "2024-08-07T19:10:10+00",
        "2024-08-07T19:10:19+00",
        "2024-08-07T19:10:30+00",
        "2024-08-07T19:10:39+00",
        "2024-08-07T19:10:49+00",
        "2024-08-07T19:10:58+00",
        "2024-08-07T19:11:19+00",
        "2024-08-07T19:11:30+00",
        "2024-08-07T19:11:49+00",
        "2024-08-07T19:12:10+00",
        "2024-08-07T19:12:19+00",
        "2024-08-07T19:12:30+00",
        "2024-08-07T19:12:39+00",
        "2024-08-07T19:12:58+00",
        "2024-08-07T19:13:19+00",
        "2024-08-07T19:13:30+00",
        "2024-08-07T19:13:39+00",
        "2024-08-07T19:13:48+00",
        "2024-08-07T19:13:59+00",
        "2024-08-07T19:14:19+00",
        "2024-08-07T19:14:30+00",
        "2024-08-07T19:14:48+00",
        "2024-08-07T19:14:59+00",
        "2024-08-07T19:15:39+00",
        "2024-08-07T19:15:59+00",
        "2024-08-07T19:16:09+00",
        "2024-08-07T19:16:39+00",
        "2024-08-07T19:16:48+00",
        "2024-08-07T19:16:59+00",
        "2024-08-07T19:17:09+00",
        "2024-08-07T19:17:39+00",
        "2024-08-07T19:17:49+00",
        "2024-08-07T19:18:09+00",
        "2024-08-07T19:18:49+00",
        "2024-08-07T19:18:59+00",
        "2024-08-07T19:19:19+00",
        "2024-08-07T19:19:29+00",
        "2024-08-07T19:19:49+00",
        "2024-08-07T19:19:59+00",
        "2024-08-07T19:20:09+00",
        "2024-08-07T19:20:19+00",
        "2024-08-07T19:20:29+00",
        "2024-08-07T19:20:31+00",
        "2024-08-07T19:20:40+00",
        "2024-08-07T19:20:49+00",
        "2024-08-07T19:20:59+00",
        "2024-08-07T19:21:09+00",
        "2024-08-07T19:21:18+00",
        "2024-08-07T19:21:29+00",
        "2024-08-07T19:21:40+00",
        "2024-08-07T19:21:49+00",
        "2024-08-07T19:21:58+00",
        "2024-08-07T19:22:09+00",
        "2024-08-07T19:22:18+00",
        "2024-08-07T19:22:29+00",
        "2024-08-07T19:22:40+00",
        "2024-08-07T19:22:49+00",
        "2024-08-07T19:22:58+00",
        "2024-08-07T19:23:09+00",
        "2024-08-07T19:23:18+00",
        "2024-08-07T19:23:29+00",
        "2024-08-07T19:23:40+00",
        "2024-08-07T19:23:49+00",
        "2024-08-07T19:23:58+00",
        "2024-08-07T19:24:09+00",
        "2024-08-07T19:24:18+00",
        "2024-08-07T19:24:29+00",
        "2024-08-07T19:24:40+00",
        "2024-08-07T19:24:50+00",
        "2024-08-07T19:24:58+00",
        "2024-08-07T19:25:09+00",
        "2024-08-07T19:25:18+00",
        "2024-08-07T19:25:29+00",
        "2024-08-07T19:25:40+00",
        "2024-08-07T19:25:58+00",
        "2024-08-07T19:26:18+00",
        "2024-08-07T19:26:29+00",
        "2024-08-07T19:26:35+00",
        "2024-08-07T19:26:40+00",
        "2024-08-07T19:26:50+00",
        "2024-08-07T19:26:58+00",
        "2024-08-07T19:27:09+00",
        "2024-08-07T19:27:19+00",
        "2024-08-07T19:27:29+00",
        "2024-08-07T19:27:40+00",
        "2024-08-07T19:27:50+00",
        "2024-08-07T19:27:58+00",
        "2024-08-07T19:28:09+00",
        "2024-08-07T19:28:29+00",
        "2024-08-07T19:28:38+00",
        "2024-08-07T19:28:48+00",
        "2024-08-07T19:28:58+00",
        "2024-08-07T19:29:19+00",
        "2024-08-07T19:29:29+00",
        "2024-08-07T19:29:38+00",
        "2024-08-07T19:29:48+00",
        "2024-08-07T19:29:58+00",
        "2024-08-07T19:30:19+00",
        "2024-08-07T19:30:29+00",
        "2024-08-07T19:30:38+00",
        "2024-08-07T19:30:48+00",
        "2024-08-07T19:30:58+00",
        "2024-08-07T19:31:19+00",
        "2024-08-07T19:31:29+00",
        "2024-08-07T19:31:38+00",
        "2024-08-07T19:31:48+00",
        "2024-08-07T19:31:58+00",
        "2024-08-07T19:32:08+00",
        "2024-08-07T19:32:20+00",
        "2024-08-07T19:32:29+00",
        "2024-08-07T19:32:38+00",
        "2024-08-07T19:32:48+00",
        "2024-08-07T19:32:58+00",
        "2024-08-07T19:33:08+00",
        "2024-08-07T19:33:20+00",
        "2024-08-07T19:33:29+00",
        "2024-08-07T19:33:38+00",
        "2024-08-07T19:33:48+00",
        "2024-08-07T19:33:58+00",
        "2024-08-07T19:34:08+00",
        "2024-08-07T19:34:20+00",
        "2024-08-07T19:34:29+00",
        "2024-08-07T19:34:39+00",
        "2024-08-07T19:34:49+00",
        "2024-08-07T19:34:58+00",
        "2024-08-07T19:35:08+00",
        "2024-08-07T19:35:20+00",
        "2024-08-07T19:35:29+00",
        "2024-08-07T19:35:39+00",
        "2024-08-07T19:35:49+00",
        "2024-08-07T19:35:58+00",
        "2024-08-07T19:36:08+00",
        "2024-08-07T19:36:29+00",
        "2024-08-07T19:36:39+00",
        "2024-08-07T19:36:49+00",
        "2024-08-07T19:36:58+00",
        "2024-08-07T19:37:08+00",
        "2024-08-07T19:37:29+00",
        "2024-08-07T19:37:39+00",
        "2024-08-07T19:37:49+00",
        "2024-08-07T19:38:29+00",
        "2024-08-07T19:38:34+00",
        "2024-08-07T19:38:39+00",
        "2024-08-07T19:38:49+00",
        "2024-08-07T19:39:08+00",
        "2024-08-07T19:39:28+00",
        "2024-08-07T19:39:39+00",
        "2024-08-07T19:39:49+00",
        "2024-08-07T19:40:08+00",
        "2024-08-07T19:40:28+00",
        "2024-08-07T19:40:39+00",
        "2024-08-07T19:40:49+00",
        "2024-08-07T19:41:08+00",
        "2024-08-07T19:41:28+00",
        "2024-08-07T19:41:39+00",
        "2024-08-07T19:41:49+00",
        "2024-08-07T19:42:08+00",
        "2024-08-07T19:42:20+00",
        "2024-08-07T19:42:28+00",
        "2024-08-07T19:42:39+00",
        "2024-08-07T19:42:49+00",
        "2024-08-07T19:43:19+00",
        "2024-08-07T19:43:28+00",
        "2024-08-07T19:43:39+00",
        "2024-08-07T19:43:49+00",
        "2024-08-07T19:44:09+00",
        "2024-08-07T19:44:19+00",
        "2024-08-07T19:44:28+00",
        "2024-08-07T19:44:32+00",
        "2024-08-07T19:44:49+00",
        "2024-08-07T19:45:19+00",
        "2024-08-07T19:45:29+00",
        "2024-08-07T19:45:39+00",
        "2024-08-07T19:45:49+00",
        "2024-08-07T19:46:19+00",
        "2024-08-07T19:46:29+00",
        "2024-08-07T19:46:39+00",
        "2024-08-07T19:46:49+00",
        "2024-08-07T19:47:18+00",
        "2024-08-07T19:47:29+00",
        "2024-08-07T19:47:39+00",
        "2024-08-07T19:47:50+00",
        "2024-08-07T19:48:08+00",
        "2024-08-07T19:48:18+00",
        "2024-08-07T19:48:29+00",
        "2024-08-07T19:48:39+00",
        "2024-08-07T19:48:50+00",
        "2024-08-07T19:49:08+00",
        "2024-08-07T19:49:18+00",
        "2024-08-07T19:49:29+00",
        "2024-08-07T19:49:50+00",
        "2024-08-07T19:49:59+00",
        "2024-08-07T19:50:08+00",
        "2024-08-07T19:50:18+00",
        "2024-08-07T19:50:29+00",
        "2024-08-07T19:50:39+00",
        "2024-08-07T19:50:50+00",
        "2024-08-07T19:50:59+00",
        "2024-08-07T19:51:08+00",
        "2024-08-07T19:51:29+00",
        "2024-08-07T19:51:39+00",
        "2024-08-07T19:51:50+00",
        "2024-08-07T19:51:59+00",
        "2024-08-07T19:52:08+00",
        "2024-08-07T19:52:18+00",
        "2024-08-07T19:52:29+00",
        "2024-08-07T19:52:39+00",
        "2024-08-07T19:52:49+00",
        "2024-08-07T19:52:59+00",
        "2024-08-07T19:53:08+00",
        "2024-08-07T19:53:18+00",
        "2024-08-07T19:53:29+00",
        "2024-08-07T19:53:39+00",
        "2024-08-07T19:53:59+00",
        "2024-08-07T19:54:09+00",
        "2024-08-07T19:54:18+00",
        "2024-08-07T19:54:29+00",
        "2024-08-07T19:54:39+00",
        "2024-08-07T19:54:49+00",
        "2024-08-07T19:54:59+00",
        "2024-08-07T19:55:09+00",
        "2024-08-07T19:55:18+00",
        "2024-08-07T19:55:29+00",
        "2024-08-07T19:55:39+00",
        "2024-08-07T19:55:49+00",
        "2024-08-07T19:55:59+00",
        "2024-08-07T19:56:09+00",
        "2024-08-07T19:56:18+00",
        "2024-08-07T19:56:29+00",
        "2024-08-07T19:56:34+00",
        "2024-08-07T19:56:39+00",
        "2024-08-07T19:56:49+00",
        "2024-08-07T19:56:59+00",
        "2024-08-07T19:57:09+00",
        "2024-08-07T19:57:29+00",
        "2024-08-07T19:57:39+00",
        "2024-08-07T19:57:49+00",
        "2024-08-07T19:57:59+00",
        "2024-08-07T19:58:09+00",
        "2024-08-07T19:58:29+00",
        "2024-08-07T19:58:39+00",
        "2024-08-07T19:58:50+00",
        "2024-08-07T19:58:59+00",
        "2024-08-07T19:59:09+00",
        "2024-08-07T19:59:19+00",
        "2024-08-07T19:59:29+00",
        "2024-08-07T19:59:38+00",
        "2024-08-07T19:59:50+00",
        "2024-08-07T19:59:58+00",
        "2024-08-07T20:00:09+00",
        "2024-08-07T20:00:19+00",
        "2024-08-07T20:00:29+00",
        "2024-08-07T20:00:38+00",
        "2024-08-07T20:00:50+00",
        "2024-08-07T20:00:58+00",
        "2024-08-07T20:01:09+00",
        "2024-08-07T20:01:19+00",
        "2024-08-07T20:01:29+00",
        "2024-08-07T20:01:38+00",
        "2024-08-07T20:01:58+00",
        "2024-08-07T20:02:09+00",
        "2024-08-07T20:02:19+00",
        "2024-08-07T20:02:29+00",
        "2024-08-07T20:02:34+00",
        "2024-08-07T20:02:38+00",
        "2024-08-07T20:02:43+00",
        "2024-08-07T20:02:45+00",
        "2024-08-07T20:02:50+00",
        "2024-08-07T20:02:55+00",
        "2024-08-07T20:02:58+00",
        "2024-08-07T20:03:03+00",
        "2024-08-07T20:03:05+00",
        "2024-08-07T20:03:09+00",
        "2024-08-07T20:03:16+00",
        "2024-08-07T20:03:19+00",
        "2024-08-07T20:03:22+00",
        "2024-08-07T20:03:26+00",
        "2024-08-07T20:03:32+00",
        "2024-08-07T20:03:35+00",
        "2024-08-07T20:03:38+00",
        "2024-08-07T20:03:42+00",
        "2024-08-07T20:03:45+00",
        "2024-08-07T20:03:50+00",
        "2024-08-07T20:03:58+00",
        "2024-08-07T20:04:09+00",
        "2024-08-07T20:04:19+00",
        "2024-08-07T20:04:29+00",
        "2024-08-07T20:04:38+00",
        "2024-08-07T20:04:50+00",
        "2024-08-07T20:04:58+00",
        "2024-08-07T20:05:09+00",
        "2024-08-07T20:05:19+00",
        "2024-08-07T20:05:29+00",
        "2024-08-07T20:05:38+00",
        "2024-08-07T20:05:58+00",
        "2024-08-07T20:06:09+00",
        "2024-08-07T20:06:19+00",
        "2024-08-07T20:06:29+00",
        "2024-08-07T20:06:38+00",
        "2024-08-07T20:06:48+00",
        "2024-08-07T20:06:58+00",
        "2024-08-07T20:07:09+00",
        "2024-08-07T20:07:19+00",
        "2024-08-07T20:07:29+00",
        "2024-08-07T20:07:38+00",
        "2024-08-07T20:07:48+00",
        "2024-08-07T20:07:58+00",
        "2024-08-07T20:08:09+00",
        "2024-08-07T20:08:19+00",
        "2024-08-07T20:08:29+00",
        "2024-08-07T20:08:31+00",
        "2024-08-07T20:08:38+00",
        "2024-08-07T20:08:48+00",
        "2024-08-07T20:08:58+00",
        "2024-08-07T20:09:09+00",
        "2024-08-07T20:09:19+00",
        "2024-08-07T20:09:29+00",
        "2024-08-07T20:09:38+00",
        "2024-08-07T20:09:48+00",
        "2024-08-07T20:09:58+00",
        "2024-08-07T20:10:09+00",
        "2024-08-07T20:10:19+00",
        "2024-08-07T20:10:29+00",
        "2024-08-07T20:10:38+00",
        "2024-08-07T20:10:48+00",
        "2024-08-07T20:10:58+00",
        "2024-08-07T20:11:09+00",
        "2024-08-07T20:11:19+00",
        "2024-08-07T20:11:29+00",
        "2024-08-07T20:11:49+00",
        "2024-08-07T20:11:58+00",
        "2024-08-07T20:12:09+00",
        "2024-08-07T20:12:20+00",
        "2024-08-07T20:12:29+00",
        "2024-08-07T20:12:38+00",
        "2024-08-07T20:12:49+00",
        "2024-08-07T20:12:58+00",
        "2024-08-07T20:13:09+00",
        "2024-08-07T20:13:20+00",
        "2024-08-07T20:13:38+00",
        "2024-08-07T20:13:49+00",
        "2024-08-07T20:13:58+00",
        "2024-08-07T20:14:09+00",
        "2024-08-07T20:14:20+00",
        "2024-08-07T20:14:28+00",
        "2024-08-07T20:14:38+00",
        "2024-08-07T20:14:49+00",
        "2024-08-07T20:14:58+00",
        "2024-08-07T20:15:09+00",
        "2024-08-07T20:15:20+00",
        "2024-08-07T20:15:28+00",
        "2024-08-07T20:15:38+00",
        "2024-08-07T20:15:48+00",
        "2024-08-07T20:15:59+00",
        "2024-08-07T20:16:09+00",
        "2024-08-07T20:16:20+00",
        "2024-08-07T20:16:28+00",
        "2024-08-07T20:16:38+00",
        "2024-08-07T20:16:48+00",
        "2024-08-07T20:16:59+00",
        "2024-08-07T20:17:09+00",
        "2024-08-07T20:17:20+00",
        "2024-08-07T20:17:28+00",
        "2024-08-07T20:17:38+00",
        "2024-08-07T20:17:48+00",
        "2024-08-07T20:17:59+00",
        "2024-08-07T20:18:09+00",
        "2024-08-07T20:18:19+00",
        "2024-08-07T20:18:28+00",
        "2024-08-07T20:18:38+00",
        "2024-08-07T20:18:48+00",
        "2024-08-07T20:18:59+00",
        "2024-08-07T20:19:09+00",
        "2024-08-07T20:19:19+00",
        "2024-08-07T20:19:28+00",
        "2024-08-07T20:19:38+00",
        "2024-08-07T20:19:48+00",
        "2024-08-07T20:19:59+00",
        "2024-08-07T20:20:09+00",
        "2024-08-07T20:20:19+00",
        "2024-08-07T20:20:33+00",
        "2024-08-07T20:20:38+00",
        "2024-08-07T20:20:48+00",
        "2024-08-07T20:20:58+00",
        "2024-08-07T20:21:09+00",
        "2024-08-07T20:21:19+00",
        "2024-08-07T20:21:38+00",
        "2024-08-07T20:21:48+00",
        "2024-08-07T20:22:09+00",
        "2024-08-07T20:22:19+00",
        "2024-08-07T20:22:38+00",
        "2024-08-07T20:22:48+00",
        "2024-08-07T20:22:58+00",
        "2024-08-07T20:23:09+00",
        "2024-08-07T20:23:19+00",
        "2024-08-07T20:23:38+00",
        "2024-08-07T20:23:48+00",
        "2024-08-07T20:23:58+00",
        "2024-08-07T20:24:09+00",
        "2024-08-07T20:24:19+00",
        "2024-08-07T20:24:38+00",
        "2024-08-07T20:24:48+00",
        "2024-08-07T20:24:59+00",
        "2024-08-07T20:25:09+00",
        "2024-08-07T20:25:19+00",
        "2024-08-07T20:25:29+00",
        "2024-08-07T20:25:38+00",
        "2024-08-07T20:25:48+00",
        "2024-08-07T20:25:59+00",
        "2024-08-07T20:26:09+00",
        "2024-08-07T20:26:19+00",
        "2024-08-07T20:26:29+00",
        "2024-08-07T20:26:38+00",
        "2024-08-07T20:26:48+00",
        "2024-08-07T20:26:59+00",
        "2024-08-07T20:27:09+00",
        "2024-08-07T20:27:19+00",
        "2024-08-07T20:27:29+00",
        "2024-08-07T20:27:38+00",
        "2024-08-07T20:27:48+00",
        "2024-08-07T20:27:59+00",
        "2024-08-07T20:28:09+00",
        "2024-08-07T20:28:19+00",
        "2024-08-07T20:28:29+00",
        "2024-08-07T20:28:38+00",
        "2024-08-07T20:28:48+00",
        "2024-08-07T20:28:59+00",
        "2024-08-07T20:29:19+00",
        "2024-08-07T20:29:29+00",
        "2024-08-07T20:29:38+00",
        "2024-08-07T20:29:48+00",
        "2024-08-07T20:29:59+00",
        "2024-08-07T20:30:18+00",
        "2024-08-07T20:30:29+00",
        "2024-08-07T20:30:38+00",
        "2024-08-07T20:30:48+00",
        "2024-08-07T20:30:59+00",
        "2024-08-07T20:31:18+00",
        "2024-08-07T20:31:29+00",
        "2024-08-07T20:31:38+00",
        "2024-08-07T20:31:48+00",
        "2024-08-07T20:32:18+00",
        "2024-08-07T20:32:29+00",
        "2024-08-07T20:32:38+00",
        "2024-08-07T20:32:48+00",
        "2024-08-07T20:33:18+00",
        "2024-08-07T20:33:29+00",
        "2024-08-07T20:33:38+00",
        "2024-08-07T20:33:48+00",
        "2024-08-07T20:34:19+00",
        "2024-08-07T20:34:29+00",
        "2024-08-07T20:34:39+00",
        "2024-08-07T20:34:48+00",
        "2024-08-07T20:35:08+00",
        "2024-08-07T20:35:19+00",
        "2024-08-07T20:35:29+00",
        "2024-08-07T20:35:39+00",
        "2024-08-07T20:35:48+00",
        "2024-08-07T20:35:58+00",
        "2024-08-07T20:36:08+00",
        "2024-08-07T20:36:19+00",
        "2024-08-07T20:36:29+00",
        "2024-08-07T20:36:39+00",
        "2024-08-07T20:36:48+00",
        "2024-08-07T20:36:58+00",
        "2024-08-07T20:37:08+00",
        "2024-08-07T20:37:19+00",
        "2024-08-07T20:37:29+00",
        "2024-08-07T20:37:39+00",
        "2024-08-07T20:37:48+00",
        "2024-08-07T20:37:59+00",
        "2024-08-07T20:38:08+00",
        "2024-08-07T20:38:19+00",
        "2024-08-07T20:38:29+00",
        "2024-08-07T20:38:39+00",
        "2024-08-07T20:38:48+00",
        "2024-08-07T20:38:59+00",
        "2024-08-07T20:39:08+00",
        "2024-08-07T20:39:19+00",
        "2024-08-07T20:39:29+00",
        "2024-08-07T20:39:39+00",
        "2024-08-07T20:39:48+00",
        "2024-08-07T20:39:59+00",
        "2024-08-07T20:40:08+00",
        "2024-08-07T20:40:19+00",
        "2024-08-07T20:40:29+00",
        "2024-08-07T20:40:39+00",
        "2024-08-07T20:40:48+00",
        "2024-08-07T20:40:59+00",
        "2024-08-07T20:41:08+00",
        "2024-08-07T20:41:19+00",
        "2024-08-07T20:41:28+00",
        "2024-08-07T20:41:48+00",
        "2024-08-07T20:41:58+00",
        "2024-08-07T20:42:19+00",
        "2024-08-07T20:42:28+00",
        "2024-08-07T20:42:48+00",
        "2024-08-07T20:42:58+00",
        "2024-08-07T20:43:19+00",
        "2024-08-07T20:43:28+00",
        "2024-08-07T20:43:48+00",
        "2024-08-07T20:44:19+00",
        "2024-08-07T20:44:28+00",
        "2024-08-07T20:44:35+00",
        "2024-08-07T20:44:48+00",
        "2024-08-07T20:44:58+00",
        "2024-08-07T20:45:28+00",
        "2024-08-07T20:45:58+00",
        "2024-08-07T20:46:28+00",
        "2024-08-07T20:46:39+00",
        "2024-08-07T20:46:48+00",
        "2024-08-07T20:46:58+00",
        "2024-08-07T20:47:08+00",
        "2024-08-07T20:47:28+00",
        "2024-08-07T20:47:39+00",
        "2024-08-07T20:47:48+00",
        "2024-08-07T20:47:58+00",
        "2024-08-07T20:48:08+00",
        "2024-08-07T20:48:28+00",
        "2024-08-07T20:48:39+00",
        "2024-08-07T20:48:48+00",
        "2024-08-07T20:48:58+00",
        "2024-08-07T20:49:09+00",
        "2024-08-07T20:49:19+00",
        "2024-08-07T20:49:29+00",
        "2024-08-07T20:49:39+00",
        "2024-08-07T20:49:58+00",
        "2024-08-07T20:50:09+00",
        "2024-08-07T20:50:19+00",
        "2024-08-07T20:50:29+00",
        "2024-08-07T20:50:34+00",
        "2024-08-07T20:50:39+00",
        "2024-08-07T20:50:58+00",
        "2024-08-07T20:51:09+00",
        "2024-08-07T20:51:19+00",
        "2024-08-07T20:51:29+00",
        "2024-08-07T20:51:48+00",
        "2024-08-07T20:51:58+00",
        "2024-08-07T20:52:09+00",
        "2024-08-07T20:52:19+00",
        "2024-08-07T20:52:29+00",
        "2024-08-07T20:52:48+00",
        "2024-08-07T20:52:58+00",
        "2024-08-07T20:53:09+00",
        "2024-08-07T20:53:19+00",
        "2024-08-07T20:53:38+00",
        "2024-08-07T20:53:48+00",
        "2024-08-07T20:53:58+00",
        "2024-08-07T20:54:09+00",
        "2024-08-07T20:54:19+00",
        "2024-08-07T20:54:29+00",
        "2024-08-07T20:54:59+00",
        "2024-08-07T20:55:09+00",
        "2024-08-07T20:55:19+00",
        "2024-08-07T20:56:48+00",
        "2024-08-07T20:56:59+00",
        "2024-08-07T20:57:28+00",
        "2024-08-07T20:57:48+00",
        "2024-08-07T20:57:59+00",
        "2024-08-07T20:58:19+00",
        "2024-08-07T20:58:48+00",
        "2024-08-07T20:58:59+00",
        "2024-08-07T20:59:28+00",
        "2024-08-07T20:59:48+00",
        "2024-08-07T21:00:19+00",
        "2024-08-07T21:00:28+00",
        "2024-08-07T21:00:48+00",
        "2024-08-07T21:00:59+00",
        "2024-08-07T21:01:18+00",
        "2024-08-07T21:01:28+00",
        "2024-08-07T21:01:48+00",
        "2024-08-07T21:01:59+00",
        "2024-08-07T21:02:18+00",
        "2024-08-07T21:02:48+00",
        "2024-08-07T21:02:59+00",
        "2024-08-07T21:03:08+00",
        "2024-08-07T21:03:18+00",
        "2024-08-07T21:03:48+00",
        "2024-08-07T21:03:59+00",
        "2024-08-07T21:04:08+00",
        "2024-08-07T21:04:18+00",
        "2024-08-07T21:04:38+00",
        "2024-08-07T21:04:49+00",
        "2024-08-07T21:04:59+00",
        "2024-08-07T21:05:08+00",
        "2024-08-07T21:05:18+00",
        "2024-08-07T21:05:38+00",
        "2024-08-07T21:05:49+00",
        "2024-08-07T21:05:59+00",
        "2024-08-07T21:06:08+00",
        "2024-08-07T21:06:20+00",
        "2024-08-07T21:06:38+00",
        "2024-08-07T21:06:49+00",
        "2024-08-07T21:06:59+00",
        "2024-08-07T21:07:08+00",
        "2024-08-07T21:07:20+00",
        "2024-08-07T21:07:28+00",
        "2024-08-07T21:07:38+00",
        "2024-08-07T21:07:49+00",
        "2024-08-07T21:08:08+00",
        "2024-08-07T21:08:20+00",
        "2024-08-07T21:08:28+00",
        "2024-08-07T21:08:32+00",
        "2024-08-07T21:08:38+00",
        "2024-08-07T21:08:49+00",
        "2024-08-07T21:08:58+00",
        "2024-08-07T21:09:08+00",
        "2024-08-07T21:09:20+00",
        "2024-08-07T21:09:28+00",
        "2024-08-07T21:09:38+00",
        "2024-08-07T21:09:49+00",
        "2024-08-07T21:10:08+00",
        "2024-08-07T21:10:20+00",
        "2024-08-07T21:10:38+00",
        "2024-08-07T21:10:49+00",
        "2024-08-07T21:10:58+00",
        "2024-08-07T21:11:08+00",
        "2024-08-07T21:11:18+00",
        "2024-08-07T21:11:38+00",
        "2024-08-07T21:11:49+00",
        "2024-08-07T21:11:59+00",
        "2024-08-07T21:12:08+00",
        "2024-08-07T21:12:18+00",
        "2024-08-07T21:12:39+00",
        "2024-08-07T21:12:49+00",
        "2024-08-07T21:12:59+00",
        "2024-08-07T21:13:08+00",
        "2024-08-07T21:13:18+00",
        "2024-08-07T21:13:39+00",
        "2024-08-07T21:13:49+00",
        "2024-08-07T21:13:59+00",
        "2024-08-07T21:14:08+00",
        "2024-08-07T21:14:18+00",
        "2024-08-07T21:14:39+00",
        "2024-08-07T21:14:49+00",
        "2024-08-07T21:14:59+00",
        "2024-08-07T21:15:08+00",
        "2024-08-07T21:15:18+00",
        "2024-08-07T21:15:39+00",
        "2024-08-07T21:15:49+00",
        "2024-08-07T21:15:59+00",
        "2024-08-07T21:16:08+00",
        "2024-08-07T21:16:18+00",
        "2024-08-07T21:16:39+00",
        "2024-08-07T21:16:49+00",
        "2024-08-07T21:16:59+00",
        "2024-08-07T21:17:08+00",
        "2024-08-07T21:17:18+00",
        "2024-08-07T21:17:39+00",
        "2024-08-07T21:17:49+00",
        "2024-08-07T21:17:59+00",
        "2024-08-07T21:18:08+00",
        "2024-08-07T21:18:18+00",
        "2024-08-07T21:18:28+00",
        "2024-08-07T21:18:39+00",
        "2024-08-07T21:18:49+00",
        "2024-08-07T21:18:59+00",
        "2024-08-07T21:19:08+00",
        "2024-08-07T21:19:18+00",
        "2024-08-07T21:19:29+00",
        "2024-08-07T21:19:39+00",
        "2024-08-07T21:19:49+00",
        "2024-08-07T21:19:59+00",
        "2024-08-07T21:20:08+00",
        "2024-08-07T21:20:18+00",
        "2024-08-07T21:20:29+00",
        "2024-08-07T21:20:32+00",
        "2024-08-07T21:20:38+00",
        "2024-08-07T21:20:49+00",
        "2024-08-07T21:20:59+00",
        "2024-08-07T21:21:08+00",
        "2024-08-07T21:21:18+00",
        "2024-08-07T21:21:29+00",
        "2024-08-07T21:21:38+00",
        "2024-08-07T21:21:49+00",
        "2024-08-07T21:21:59+00",
        "2024-08-07T21:22:18+00",
        "2024-08-07T21:22:29+00",
        "2024-08-07T21:22:38+00",
        "2024-08-07T21:22:49+00",
        "2024-08-07T21:22:59+00",
        "2024-08-07T21:23:09+00",
        "2024-08-07T21:23:18+00",
        "2024-08-07T21:23:29+00",
        "2024-08-07T21:23:38+00",
        "2024-08-07T21:23:49+00",
        "2024-08-07T21:23:59+00",
        "2024-08-07T21:24:09+00",
        "2024-08-07T21:24:18+00",
        "2024-08-07T21:24:29+00",
        "2024-08-07T21:24:38+00",
        "2024-08-07T21:24:49+00",
        "2024-08-07T21:24:59+00",
        "2024-08-07T21:25:09+00",
        "2024-08-07T21:25:18+00",
        "2024-08-07T21:25:29+00",
        "2024-08-07T21:25:38+00",
        "2024-08-07T21:25:49+00",
        "2024-08-07T21:25:59+00",
        "2024-08-07T21:26:09+00",
        "2024-08-07T21:26:18+00",
        "2024-08-07T21:26:29+00",
        "2024-08-07T21:26:31+00",
        "2024-08-07T21:26:38+00",
        "2024-08-07T21:26:49+00",
        "2024-08-07T21:26:59+00",
        "2024-08-07T21:27:09+00",
        "2024-08-07T21:27:19+00",
        "2024-08-07T21:27:29+00",
        "2024-08-07T21:27:38+00",
        "2024-08-07T21:27:49+00",
        "2024-08-07T21:27:59+00",
        "2024-08-07T21:28:09+00",
        "2024-08-07T21:28:19+00",
        "2024-08-07T21:28:29+00",
        "2024-08-07T21:28:49+00",
        "2024-08-07T21:28:59+00",
        "2024-08-07T21:29:09+00",
        "2024-08-07T21:29:19+00",
        "2024-08-07T21:29:29+00",
        "2024-08-07T21:29:39+00",
        "2024-08-07T21:29:49+00",
        "2024-08-07T21:29:59+00",
        "2024-08-07T21:30:09+00",
        "2024-08-07T21:30:19+00",
        "2024-08-07T21:30:29+00",
        "2024-08-07T21:30:39+00",
        "2024-08-07T21:30:49+00",
        "2024-08-07T21:30:59+00",
        "2024-08-07T21:31:09+00",
        "2024-08-07T21:31:19+00",
        "2024-08-07T21:31:29+00",
        "2024-08-07T21:31:39+00",
        "2024-08-07T21:31:48+00",
        "2024-08-07T21:31:59+00",
        "2024-08-07T21:32:09+00",
        "2024-08-07T21:32:29+00",
        "2024-08-07T21:32:39+00",
        "2024-08-07T21:32:48+00",
        "2024-08-07T21:32:59+00",
        "2024-08-07T21:33:09+00",
        "2024-08-07T21:33:29+00",
        "2024-08-07T21:33:39+00",
        "2024-08-07T21:33:48+00",
        "2024-08-07T21:34:08+00",
        "2024-08-07T21:34:18+00",
        "2024-08-07T21:34:29+00",
        "2024-08-07T21:34:48+00",
        "2024-08-07T21:35:08+00",
        "2024-08-07T21:35:29+00",
        "2024-08-07T21:35:48+00",
        "2024-08-07T21:35:59+00",
        "2024-08-07T21:36:08+00",
        "2024-08-07T21:36:18+00",
        "2024-08-07T21:36:29+00",
        "2024-08-07T21:36:48+00",
        "2024-08-07T21:36:59+00",
        "2024-08-07T21:37:08+00",
        "2024-08-07T21:37:29+00",
        "2024-08-07T21:37:48+00",
        "2024-08-07T21:37:59+00",
        "2024-08-07T21:38:08+00",
        "2024-08-07T21:38:29+00",
        "2024-08-07T21:38:33+00",
        "2024-08-07T21:38:48+00",
        "2024-08-07T21:38:59+00",
        "2024-08-07T21:39:08+00",
        "2024-08-07T21:39:19+00",
        "2024-08-07T21:39:29+00",
        "2024-08-07T21:39:48+00",
        "2024-08-07T21:39:59+00",
        "2024-08-07T21:40:08+00",
        "2024-08-07T21:40:19+00",
        "2024-08-07T21:40:29+00",
        "2024-08-07T21:40:48+00",
        "2024-08-07T21:41:00+00",
        "2024-08-07T21:41:08+00",
        "2024-08-07T21:41:19+00",
        "2024-08-07T21:41:29+00",
        "2024-08-07T21:41:48+00",
        "2024-08-07T21:42:00+00",
        "2024-08-07T21:42:09+00",
        "2024-08-07T21:42:19+00",
        "2024-08-07T21:42:29+00",
        "2024-08-07T21:42:48+00",
        "2024-08-07T21:43:00+00",
        "2024-08-07T21:43:09+00",
        "2024-08-07T21:43:19+00",
        "2024-08-07T21:43:29+00",
        "2024-08-07T21:43:38+00",
        "2024-08-07T21:43:48+00",
        "2024-08-07T21:44:00+00",
        "2024-08-07T21:44:09+00",
        "2024-08-07T21:44:19+00",
        "2024-08-07T21:44:29+00",
        "2024-08-07T21:44:34+00",
        "2024-08-07T21:44:38+00",
        "2024-08-07T21:44:48+00",
        "2024-08-07T21:45:00+00",
        "2024-08-07T21:45:09+00",
        "2024-08-07T21:45:19+00",
        "2024-08-07T21:45:29+00",
        "2024-08-07T21:45:38+00",
        "2024-08-07T21:45:48+00",
        "2024-08-07T21:46:00+00",
        "2024-08-07T21:46:09+00",
        "2024-08-07T21:46:19+00",
        "2024-08-07T21:46:30+00",
        "2024-08-07T21:46:38+00",
        "2024-08-07T21:46:48+00",
        "2024-08-07T21:47:00+00",
        "2024-08-07T21:47:09+00",
        "2024-08-07T21:47:18+00",
        "2024-08-07T21:47:30+00",
        "2024-08-07T21:47:38+00",
        "2024-08-07T21:47:48+00",
        "2024-08-07T21:47:58+00",
        "2024-08-07T21:48:09+00",
        "2024-08-07T21:48:18+00",
        "2024-08-07T21:48:30+00",
        "2024-08-07T21:48:38+00",
        "2024-08-07T21:48:48+00",
        "2024-08-07T21:49:09+00",
        "2024-08-07T21:49:18+00",
        "2024-08-07T21:49:30+00",
        "2024-08-07T21:49:39+00",
        "2024-08-07T21:49:48+00",
        "2024-08-07T21:49:58+00",
        "2024-08-07T21:50:09+00",
        "2024-08-07T21:50:18+00",
        "2024-08-07T21:50:30+00",
        "2024-08-07T21:50:39+00",
        "2024-08-07T21:50:49+00",
        "2024-08-07T21:50:58+00",
        "2024-08-07T21:51:09+00",
        "2024-08-07T21:51:18+00",
        "2024-08-07T21:51:30+00",
        "2024-08-07T21:51:39+00",
        "2024-08-07T21:51:49+00",
        "2024-08-07T21:51:58+00",
        "2024-08-07T21:52:09+00",
        "2024-08-07T21:52:18+00",
        "2024-08-07T21:52:29+00",
        "2024-08-07T21:52:39+00",
        "2024-08-07T21:52:49+00",
        "2024-08-07T21:52:58+00",
        "2024-08-07T21:53:09+00",
        "2024-08-07T21:53:18+00",
        "2024-08-07T21:53:29+00",
        "2024-08-07T21:53:39+00",
        "2024-08-07T21:53:49+00",
        "2024-08-07T21:53:58+00",
        "2024-08-07T21:54:09+00",
        "2024-08-07T21:54:19+00",
        "2024-08-07T21:54:29+00",
        "2024-08-07T21:54:39+00",
        "2024-08-07T21:54:49+00",
        "2024-08-07T21:54:58+00",
        "2024-08-07T21:55:09+00",
        "2024-08-07T21:55:19+00",
        "2024-08-07T21:55:29+00",
        "2024-08-07T21:55:39+00",
        "2024-08-07T21:55:49+00",
        "2024-08-07T21:55:58+00",
        "2024-08-07T21:56:09+00",
        "2024-08-07T21:56:19+00",
        "2024-08-07T21:56:29+00",
        "2024-08-07T21:56:33+00",
        "2024-08-07T21:56:39+00",
        "2024-08-07T21:56:49+00",
        "2024-08-07T21:56:58+00",
        "2024-08-07T21:57:09+00",
        "2024-08-07T21:57:19+00",
        "2024-08-07T21:57:29+00",
        "2024-08-07T21:57:39+00",
        "2024-08-07T21:57:49+00",
        "2024-08-07T21:57:58+00",
        "2024-08-07T21:58:09+00",
        "2024-08-07T21:58:19+00",
        "2024-08-07T21:58:29+00",
        "2024-08-07T21:58:39+00",
        "2024-08-07T21:58:49+00",
        "2024-08-07T21:58:58+00",
        "2024-08-07T21:59:08+00",
        "2024-08-07T21:59:19+00",
        "2024-08-07T21:59:29+00",
        "2024-08-07T21:59:49+00",
        "2024-08-07T21:59:58+00",
        "2024-08-07T22:00:08+00",
        "2024-08-07T22:00:19+00",
        "2024-08-07T22:00:28+00",
        "2024-08-07T22:00:38+00",
        "2024-08-07T22:00:49+00",
        "2024-08-07T22:00:58+00",
        "2024-08-07T22:01:08+00",
        "2024-08-07T22:01:19+00",
        "2024-08-07T22:01:28+00",
        "2024-08-07T22:01:38+00",
        "2024-08-07T22:01:49+00",
        "2024-08-07T22:01:58+00",
        "2024-08-07T22:02:08+00",
        "2024-08-07T22:02:19+00",
        "2024-08-07T22:02:20+00",
        "2024-08-07T22:02:22+00",
        "2024-08-07T22:02:25+00",
        "2024-08-07T22:02:28+00",
        "2024-08-07T22:02:32+00",
        "2024-08-07T22:02:36+00",
        "2024-08-07T22:02:38+00",
        "2024-08-07T22:02:42+00",
        "2024-08-07T22:02:46+00",
        "2024-08-07T22:02:49+00",
        "2024-08-07T22:02:51+00",
        "2024-08-07T22:02:56+00",
        "2024-08-07T22:02:58+00",
        "2024-08-07T22:03:03+00",
        "2024-08-07T22:03:06+00",
        "2024-08-07T22:03:08+00",
        "2024-08-07T22:03:12+00",
        "2024-08-07T22:03:16+00",
        "2024-08-07T22:03:19+00",
        "2024-08-07T22:03:22+00",
        "2024-08-07T22:03:26+00",
        "2024-08-07T22:03:28+00",
        "2024-08-07T22:03:36+00",
        "2024-08-07T22:03:38+00",
        "2024-08-07T22:03:49+00",
        "2024-08-07T22:03:59+00",
        "2024-08-07T22:04:08+00",
        "2024-08-07T22:04:19+00",
        "2024-08-07T22:04:28+00",
        "2024-08-07T22:04:38+00",
        "2024-08-07T22:04:49+00",
        "2024-08-07T22:04:59+00",
        "2024-08-07T22:05:08+00",
        "2024-08-07T22:05:19+00",
        "2024-08-07T22:05:28+00",
        "2024-08-07T22:05:38+00",
        "2024-08-07T22:05:49+00",
        "2024-08-07T22:05:59+00",
        "2024-08-07T22:06:08+00",
        "2024-08-07T22:06:19+00",
        "2024-08-07T22:06:28+00",
        "2024-08-07T22:06:38+00",
        "2024-08-07T22:06:49+00",
        "2024-08-07T22:06:59+00",
        "2024-08-07T22:07:09+00",
        "2024-08-07T22:07:19+00",
        "2024-08-07T22:07:28+00",
        "2024-08-07T22:07:38+00",
        "2024-08-07T22:07:49+00",
        "2024-08-07T22:07:59+00",
        "2024-08-07T22:08:09+00",
        "2024-08-07T22:08:19+00",
        "2024-08-07T22:08:29+00",
        "2024-08-07T22:08:31+00",
        "2024-08-07T22:08:39+00",
        "2024-08-07T22:08:49+00",
        "2024-08-07T22:08:59+00",
        "2024-08-07T22:09:09+00",
        "2024-08-07T22:09:19+00",
        "2024-08-07T22:09:29+00",
        "2024-08-07T22:09:39+00",
        "2024-08-07T22:09:49+00",
        "2024-08-07T22:09:59+00",
        "2024-08-07T22:10:09+00",
        "2024-08-07T22:10:19+00",
        "2024-08-07T22:10:29+00",
        "2024-08-07T22:10:39+00",
        "2024-08-07T22:10:49+00",
        "2024-08-07T22:10:59+00",
        "2024-08-07T22:11:09+00",
        "2024-08-07T22:11:19+00",
        "2024-08-07T22:11:29+00",
        "2024-08-07T22:11:39+00",
        "2024-08-07T22:11:49+00",
        "2024-08-07T22:11:59+00",
        "2024-08-07T22:12:09+00",
        "2024-08-07T22:12:19+00",
        "2024-08-07T22:12:29+00",
        "2024-08-07T22:12:39+00",
        "2024-08-07T22:12:59+00",
        "2024-08-07T22:13:09+00",
        "2024-08-07T22:13:19+00",
        "2024-08-07T22:13:29+00",
        "2024-08-07T22:13:39+00",
        "2024-08-07T22:13:48+00",
        "2024-08-07T22:13:59+00",
        "2024-08-07T22:14:09+00",
        "2024-08-07T22:14:19+00",
        "2024-08-07T22:14:29+00",
        "2024-08-07T22:14:35+00",
        "2024-08-07T22:14:39+00",
        "2024-08-07T22:14:59+00",
        "2024-08-07T22:15:09+00",
        "2024-08-07T22:15:19+00",
        "2024-08-07T22:15:28+00",
        "2024-08-07T22:15:58+00",
        "2024-08-07T22:16:09+00",
        "2024-08-07T22:16:19+00",
        "2024-08-07T22:16:28+00",
        "2024-08-07T22:16:39+00",
        "2024-08-07T22:16:58+00",
        "2024-08-07T22:17:09+00",
        "2024-08-07T22:17:19+00",
        "2024-08-07T22:17:28+00",
        "2024-08-07T22:17:48+00",
        "2024-08-07T22:17:58+00",
        "2024-08-07T22:18:09+00",
        "2024-08-07T22:18:19+00",
        "2024-08-07T22:18:28+00",
        "2024-08-07T22:18:48+00",
        "2024-08-07T22:18:58+00",
        "2024-08-07T22:19:10+00",
        "2024-08-07T22:19:18+00",
        "2024-08-07T22:19:28+00",
        "2024-08-07T22:19:39+00",
        "2024-08-07T22:19:48+00",
        "2024-08-07T22:19:59+00",
        "2024-08-07T22:20:10+00",
        "2024-08-07T22:20:18+00",
        "2024-08-07T22:20:28+00",
        "2024-08-07T22:20:31+00",
        "2024-08-07T22:20:39+00",
        "2024-08-07T22:20:48+00",
        "2024-08-07T22:20:59+00",
        "2024-08-07T22:21:10+00",
        "2024-08-07T22:21:18+00",
        "2024-08-07T22:21:28+00",
        "2024-08-07T22:21:48+00",
        "2024-08-07T22:21:59+00",
        "2024-08-07T22:22:10+00",
        "2024-08-07T22:22:18+00",
        "2024-08-07T22:22:28+00",
        "2024-08-07T22:22:48+00",
        "2024-08-07T22:22:59+00",
        "2024-08-07T22:23:10+00",
        "2024-08-07T22:23:18+00",
        "2024-08-07T22:23:28+00",
        "2024-08-07T22:23:48+00",
        "2024-08-07T22:23:59+00",
        "2024-08-07T22:24:10+00",
        "2024-08-07T22:24:18+00",
        "2024-08-07T22:24:28+00",
        "2024-08-07T22:24:48+00",
        "2024-08-07T22:24:59+00",
        "2024-08-07T22:25:08+00",
        "2024-08-07T22:25:18+00",
        "2024-08-07T22:25:29+00",
        "2024-08-07T22:25:49+00",
        "2024-08-07T22:25:59+00",
        "2024-08-07T22:26:08+00",
        "2024-08-07T22:26:18+00",
        "2024-08-07T22:26:32+00",
        "2024-08-07T22:26:49+00",
        "2024-08-07T22:26:59+00",
        "2024-08-07T22:27:08+00",
        "2024-08-07T22:27:18+00",
        "2024-08-07T22:27:49+00",
        "2024-08-07T22:27:59+00",
        "2024-08-07T22:28:08+00",
        "2024-08-07T22:28:18+00",
        "2024-08-07T22:28:49+00",
        "2024-08-07T22:28:59+00",
        "2024-08-07T22:29:08+00",
        "2024-08-07T22:29:18+00",
        "2024-08-07T22:29:39+00",
        "2024-08-07T22:29:49+00",
        "2024-08-07T22:29:59+00",
        "2024-08-07T22:30:10+00",
        "2024-08-07T22:30:18+00",
        "2024-08-07T22:30:30+00",
        "2024-08-07T22:30:39+00",
        "2024-08-07T22:30:49+00",
        "2024-08-07T22:30:59+00",
        "2024-08-07T22:31:10+00",
        "2024-08-07T22:31:18+00",
        "2024-08-07T22:31:30+00",
        "2024-08-07T22:31:39+00",
        "2024-08-07T22:31:49+00",
        "2024-08-07T22:31:59+00",
        "2024-08-07T22:32:10+00",
        "2024-08-07T22:32:18+00",
        "2024-08-07T22:32:30+00",
        "2024-08-07T22:32:31+00",
        "2024-08-07T22:32:39+00",
        "2024-08-07T22:32:49+00",
        "2024-08-07T22:32:59+00",
        "2024-08-07T22:33:10+00",
        "2024-08-07T22:33:18+00",
        "2024-08-07T22:33:30+00",
        "2024-08-07T22:33:39+00",
        "2024-08-07T22:33:49+00",
        "2024-08-07T22:34:00+00",
        "2024-08-07T22:34:10+00",
        "2024-08-07T22:34:18+00",
        "2024-08-07T22:34:30+00",
        "2024-08-07T22:34:39+00",
        "2024-08-07T22:34:49+00",
        "2024-08-07T22:35:00+00",
        "2024-08-07T22:35:18+00",
        "2024-08-07T22:35:30+00",
        "2024-08-07T22:35:39+00",
        "2024-08-07T22:35:49+00",
        "2024-08-07T22:36:00+00",
        "2024-08-07T22:36:10+00",
        "2024-08-07T22:36:18+00",
        "2024-08-07T22:36:28+00",
        "2024-08-07T22:36:39+00",
        "2024-08-07T22:36:49+00",
        "2024-08-07T22:37:00+00",
        "2024-08-07T22:37:10+00",
        "2024-08-07T22:37:18+00",
        "2024-08-07T22:37:28+00",
        "2024-08-07T22:37:38+00",
        "2024-08-07T22:37:49+00",
        "2024-08-07T22:38:00+00",
        "2024-08-07T22:38:09+00",
        "2024-08-07T22:38:18+00",
        "2024-08-07T22:38:28+00",
        "2024-08-07T22:38:38+00",
        "2024-08-07T22:38:49+00",
        "2024-08-07T22:39:00+00",
        "2024-08-07T22:39:09+00",
        "2024-08-07T22:39:18+00",
        "2024-08-07T22:39:28+00",
        "2024-08-07T22:39:38+00",
        "2024-08-07T22:39:49+00",
        "2024-08-07T22:40:00+00",
        "2024-08-07T22:40:09+00",
        "2024-08-07T22:40:18+00",
        "2024-08-07T22:40:28+00",
        "2024-08-07T22:40:38+00",
        "2024-08-07T22:40:49+00",
        "2024-08-07T22:41:00+00",
        "2024-08-07T22:41:09+00",
        "2024-08-07T22:41:18+00",
        "2024-08-07T22:41:28+00",
        "2024-08-07T22:41:38+00",
        "2024-08-07T22:41:49+00",
        "2024-08-07T22:41:58+00",
        "2024-08-07T22:42:09+00",
        "2024-08-07T22:42:18+00",
        "2024-08-07T22:42:28+00",
        "2024-08-07T22:42:38+00",
        "2024-08-07T22:42:49+00",
        "2024-08-07T22:42:58+00",
        "2024-08-07T22:43:09+00",
        "2024-08-07T22:43:18+00",
        "2024-08-07T22:43:28+00",
        "2024-08-07T22:43:38+00",
        "2024-08-07T22:43:49+00",
        "2024-08-07T22:43:58+00",
        "2024-08-07T22:44:09+00",
        "2024-08-07T22:44:28+00",
        "2024-08-07T22:44:38+00",
        "2024-08-07T22:44:49+00",
        "2024-08-07T22:44:58+00",
        "2024-08-07T22:45:09+00",
        "2024-08-07T22:45:18+00",
        "2024-08-07T22:45:29+00",
        "2024-08-07T22:45:38+00",
        "2024-08-07T22:45:49+00",
        "2024-08-07T22:45:58+00",
        "2024-08-07T22:46:09+00",
        "2024-08-07T22:46:18+00",
        "2024-08-07T22:46:29+00",
        "2024-08-07T22:46:38+00",
        "2024-08-07T22:46:58+00",
        "2024-08-07T22:47:09+00",
        "2024-08-07T22:47:18+00",
        "2024-08-07T22:47:29+00",
        "2024-08-07T22:47:38+00",
        "2024-08-07T22:47:49+00",
        "2024-08-07T22:47:58+00",
        "2024-08-07T22:48:09+00",
        "2024-08-07T22:48:18+00",
        "2024-08-07T22:48:29+00",
        "2024-08-07T22:48:38+00",
        "2024-08-07T22:48:49+00",
        "2024-08-07T22:48:58+00",
        "2024-08-07T22:49:08+00",
        "2024-08-07T22:49:20+00",
        "2024-08-07T22:49:29+00",
        "2024-08-07T22:49:39+00",
        "2024-08-07T22:49:49+00",
        "2024-08-07T22:49:58+00",
        "2024-08-07T22:50:20+00",
        "2024-08-07T22:50:29+00",
        "2024-08-07T22:50:32+00",
        "2024-08-07T22:50:39+00",
        "2024-08-07T22:50:49+00",
        "2024-08-07T22:50:58+00",
        "2024-08-07T22:51:20+00",
        "2024-08-07T22:51:29+00",
        "2024-08-07T22:51:39+00",
        "2024-08-07T22:51:49+00",
        "2024-08-07T22:51:58+00",
        "2024-08-07T22:52:08+00",
        "2024-08-07T22:52:20+00",
        "2024-08-07T22:52:29+00",
        "2024-08-07T22:52:39+00",
        "2024-08-07T22:52:49+00",
        "2024-08-07T22:52:58+00",
        "2024-08-07T22:53:08+00",
        "2024-08-07T22:53:20+00",
        "2024-08-07T22:53:29+00",
        "2024-08-07T22:53:39+00",
        "2024-08-07T22:53:49+00",
        "2024-08-07T22:53:58+00",
        "2024-08-07T22:54:08+00",
        "2024-08-07T22:54:20+00",
        "2024-08-07T22:54:29+00",
        "2024-08-07T22:54:39+00",
        "2024-08-07T22:54:49+00",
        "2024-08-07T22:54:58+00",
        "2024-08-07T22:55:08+00",
        "2024-08-07T22:55:20+00",
        "2024-08-07T22:55:30+00",
        "2024-08-07T22:55:39+00",
        "2024-08-07T22:55:49+00",
        "2024-08-07T22:55:58+00",
        "2024-08-07T22:56:09+00",
        "2024-08-07T22:56:18+00",
        "2024-08-07T22:56:30+00",
        "2024-08-07T22:56:32+00",
        "2024-08-07T22:56:39+00",
        "2024-08-07T22:56:49+00",
        "2024-08-07T22:56:58+00",
        "2024-08-07T22:57:09+00",
        "2024-08-07T22:57:18+00",
        "2024-08-07T22:57:30+00",
        "2024-08-07T22:57:39+00",
        "2024-08-07T22:57:49+00",
        "2024-08-07T22:57:58+00",
        "2024-08-07T22:58:09+00",
        "2024-08-07T22:58:30+00",
        "2024-08-07T22:58:39+00",
        "2024-08-07T22:58:49+00",
        "2024-08-07T22:58:58+00",
        "2024-08-07T22:59:09+00",
        "2024-08-07T22:59:18+00",
        "2024-08-07T22:59:30+00",
        "2024-08-07T22:59:39+00",
        "2024-08-07T22:59:49+00",
        "2024-08-07T22:59:58+00",
        "2024-08-07T23:00:09+00",
        "2024-08-07T23:00:18+00",
        "2024-08-07T23:00:38+00",
        "2024-08-07T23:00:49+00",
        "2024-08-07T23:00:58+00",
        "2024-08-07T23:01:18+00",
        "2024-08-07T23:01:30+00",
        "2024-08-07T23:01:38+00",
        "2024-08-07T23:01:49+00",
        "2024-08-07T23:01:58+00",
        "2024-08-07T23:02:09+00",
        "2024-08-07T23:02:18+00",
        "2024-08-07T23:02:28+00",
        "2024-08-07T23:02:38+00",
        "2024-08-07T23:02:49+00",
        "2024-08-07T23:03:09+00",
        "2024-08-07T23:03:28+00",
        "2024-08-07T23:03:38+00",
        "2024-08-07T23:03:49+00",
        "2024-08-07T23:03:58+00",
        "2024-08-07T23:04:09+00",
        "2024-08-07T23:04:28+00",
        "2024-08-07T23:04:49+00",
        "2024-08-07T23:04:58+00",
        "2024-08-07T23:05:09+00",
        "2024-08-07T23:05:19+00",
        "2024-08-07T23:05:28+00",
        "2024-08-07T23:05:49+00",
        "2024-08-07T23:05:58+00",
        "2024-08-07T23:06:09+00",
        "2024-08-07T23:06:19+00",
        "2024-08-07T23:06:28+00",
        "2024-08-07T23:06:48+00",
        "2024-08-07T23:06:58+00",
        "2024-08-07T23:07:09+00",
        "2024-08-07T23:07:19+00",
        "2024-08-07T23:07:28+00",
        "2024-08-07T23:07:48+00",
        "2024-08-07T23:07:58+00",
        "2024-08-07T23:08:09+00",
        "2024-08-07T23:08:19+00",
        "2024-08-07T23:08:28+00",
        "2024-08-07T23:08:48+00",
        "2024-08-07T23:08:58+00",
        "2024-08-07T23:09:09+00",
        "2024-08-07T23:09:19+00",
        "2024-08-07T23:09:28+00",
        "2024-08-07T23:09:48+00",
        "2024-08-07T23:09:58+00",
        "2024-08-07T23:10:09+00",
        "2024-08-07T23:10:19+00",
        "2024-08-07T23:10:28+00",
        "2024-08-07T23:10:48+00",
        "2024-08-07T23:10:58+00",
        "2024-08-07T23:11:08+00",
        "2024-08-07T23:11:19+00",
        "2024-08-07T23:11:28+00",
        "2024-08-07T23:11:38+00",
        "2024-08-07T23:11:48+00",
        "2024-08-07T23:11:58+00",
        "2024-08-07T23:12:08+00",
        "2024-08-07T23:12:28+00",
        "2024-08-07T23:12:38+00",
        "2024-08-07T23:12:48+00",
        "2024-08-07T23:12:58+00",
        "2024-08-07T23:13:08+00",
        "2024-08-07T23:13:19+00",
        "2024-08-07T23:13:28+00",
        "2024-08-07T23:13:38+00",
        "2024-08-07T23:13:48+00",
        "2024-08-07T23:13:58+00",
        "2024-08-07T23:14:19+00",
        "2024-08-07T23:14:28+00",
        "2024-08-07T23:14:38+00",
        "2024-08-07T23:14:48+00",
        "2024-08-07T23:14:58+00",
        "2024-08-07T23:15:19+00",
        "2024-08-07T23:15:28+00",
        "2024-08-07T23:15:38+00",
        "2024-08-07T23:15:48+00",
        "2024-08-07T23:15:58+00",
        "2024-08-07T23:16:19+00",
        "2024-08-07T23:16:28+00",
        "2024-08-07T23:16:38+00",
        "2024-08-07T23:16:58+00",
        "2024-08-07T23:17:19+00",
        "2024-08-07T23:17:28+00",
        "2024-08-07T23:17:38+00",
        "2024-08-07T23:17:58+00",
        "2024-08-07T23:18:19+00",
        "2024-08-07T23:18:28+00",
        "2024-08-07T23:18:38+00",
        "2024-08-07T23:18:58+00",
        "2024-08-07T23:19:09+00",
        "2024-08-07T23:19:19+00",
        "2024-08-07T23:19:28+00",
        "2024-08-07T23:19:40+00",
        "2024-08-07T23:19:58+00",
        "2024-08-07T23:20:09+00",
        "2024-08-07T23:20:20+00",
        "2024-08-07T23:20:28+00",
        "2024-08-07T23:20:35+00",
        "2024-08-07T23:20:40+00",
        "2024-08-07T23:20:58+00",
        "2024-08-07T23:21:09+00",
        "2024-08-07T23:21:20+00",
        "2024-08-07T23:21:28+00",
        "2024-08-07T23:21:40+00",
        "2024-08-07T23:21:49+00",
        "2024-08-07T23:21:58+00",
        "2024-08-07T23:22:09+00",
        "2024-08-07T23:22:20+00",
        "2024-08-07T23:22:28+00",
        "2024-08-07T23:22:40+00",
        "2024-08-07T23:22:49+00",
        "2024-08-07T23:22:58+00",
        "2024-08-07T23:23:09+00",
        "2024-08-07T23:23:20+00",
        "2024-08-07T23:23:28+00",
        "2024-08-07T23:23:40+00",
        "2024-08-07T23:23:49+00",
        "2024-08-07T23:23:58+00",
        "2024-08-07T23:24:09+00",
        "2024-08-07T23:24:20+00",
        "2024-08-07T23:24:28+00",
        "2024-08-07T23:24:38+00",
        "2024-08-07T23:24:49+00",
        "2024-08-07T23:24:58+00",
        "2024-08-07T23:25:08+00",
        "2024-08-07T23:25:20+00",
        "2024-08-07T23:25:28+00",
        "2024-08-07T23:25:38+00",
        "2024-08-07T23:25:49+00",
        "2024-08-07T23:25:58+00",
        "2024-08-07T23:26:08+00",
        "2024-08-07T23:26:20+00",
        "2024-08-07T23:26:28+00",
        "2024-08-07T23:26:38+00",
        "2024-08-07T23:26:49+00",
        "2024-08-07T23:26:58+00",
        "2024-08-07T23:27:08+00",
        "2024-08-07T23:27:20+00",
        "2024-08-07T23:27:28+00",
        "2024-08-07T23:27:38+00",
        "2024-08-07T23:27:49+00",
        "2024-08-07T23:27:58+00",
        "2024-08-07T23:28:08+00",
        "2024-08-07T23:28:28+00",
        "2024-08-07T23:28:38+00",
        "2024-08-07T23:28:49+00",
        "2024-08-07T23:28:58+00",
        "2024-08-07T23:29:08+00",
        "2024-08-07T23:29:29+00",
        "2024-08-07T23:29:38+00",
        "2024-08-07T23:29:49+00",
        "2024-08-07T23:30:00+00",
        "2024-08-07T23:30:08+00",
        "2024-08-07T23:30:40+00",
        "2024-08-07T23:30:49+00",
        "2024-08-07T23:31:00+00",
        "2024-08-07T23:31:08+00",
        "2024-08-07T23:31:40+00",
        "2024-08-07T23:31:49+00",
        "2024-08-07T23:32:00+00",
        "2024-08-07T23:32:08+00",
        "2024-08-07T23:32:34+00",
        "2024-08-07T23:32:40+00",
        "2024-08-07T23:32:49+00",
        "2024-08-07T23:33:00+00",
        "2024-08-07T23:33:08+00",
        "2024-08-07T23:33:40+00",
        "2024-08-07T23:33:49+00",
        "2024-08-07T23:34:00+00",
        "2024-08-07T23:34:08+00",
        "2024-08-07T23:34:19+00",
        "2024-08-07T23:34:40+00",
        "2024-08-07T23:34:49+00",
        "2024-08-07T23:35:00+00",
        "2024-08-07T23:35:19+00",
        "2024-08-07T23:35:29+00",
        "2024-08-07T23:35:39+00",
        "2024-08-07T23:35:49+00",
        "2024-08-07T23:36:00+00",
        "2024-08-07T23:36:08+00",
        "2024-08-07T23:36:19+00",
        "2024-08-07T23:36:29+00",
        "2024-08-07T23:36:39+00",
        "2024-08-07T23:36:49+00",
        "2024-08-07T23:37:00+00",
        "2024-08-07T23:37:09+00",
        "2024-08-07T23:37:19+00",
        "2024-08-07T23:37:29+00",
        "2024-08-07T23:37:39+00",
        "2024-08-07T23:37:49+00",
        "2024-08-07T23:37:59+00",
        "2024-08-07T23:38:09+00",
        "2024-08-07T23:38:19+00",
        "2024-08-07T23:38:29+00",
        "2024-08-07T23:38:39+00",
        "2024-08-07T23:38:59+00",
        "2024-08-07T23:39:09+00",
        "2024-08-07T23:39:19+00",
        "2024-08-07T23:39:29+00",
        "2024-08-07T23:39:38+00",
        "2024-08-07T23:39:59+00",
        "2024-08-07T23:40:09+00",
        "2024-08-07T23:40:29+00",
        "2024-08-07T23:40:38+00",
        "2024-08-07T23:40:59+00",
        "2024-08-07T23:41:09+00",
        "2024-08-07T23:41:19+00",
        "2024-08-07T23:41:29+00",
        "2024-08-07T23:41:38+00",
        "2024-08-07T23:42:09+00",
        "2024-08-07T23:42:19+00",
        "2024-08-07T23:42:29+00",
        "2024-08-07T23:42:38+00",
        "2024-08-07T23:43:08+00",
        "2024-08-07T23:43:19+00",
        "2024-08-07T23:43:29+00",
        "2024-08-07T23:43:38+00",
        "2024-08-07T23:44:08+00",
        "2024-08-07T23:44:19+00",
        "2024-08-07T23:44:29+00",
        "2024-08-07T23:44:32+00",
        "2024-08-07T23:44:38+00",
        "2024-08-07T23:45:08+00",
        "2024-08-07T23:45:19+00",
        "2024-08-07T23:45:29+00",
        "2024-08-07T23:45:38+00",
        "2024-08-07T23:45:49+00",
        "2024-08-07T23:46:08+00",
        "2024-08-07T23:46:29+00",
        "2024-08-07T23:46:49+00",
        "2024-08-07T23:47:08+00",
        "2024-08-07T23:47:29+00",
        "2024-08-07T23:47:49+00",
        "2024-08-07T23:48:08+00",
        "2024-08-07T23:48:28+00",
        "2024-08-07T23:48:49+00",
        "2024-08-07T23:48:59+00",
        "2024-08-07T23:49:08+00",
        "2024-08-07T23:49:28+00",
        "2024-08-07T23:49:49+00",
        "2024-08-07T23:49:59+00",
        "2024-08-07T23:50:08+00",
        "2024-08-07T23:50:28+00",
        "2024-08-07T23:50:35+00",
        "2024-08-07T23:50:49+00",
        "2024-08-07T23:50:59+00",
        "2024-08-07T23:51:08+00",
        "2024-08-07T23:51:19+00",
        "2024-08-07T23:51:28+00",
        "2024-08-07T23:51:49+00",
        "2024-08-07T23:51:59+00",
        "2024-08-07T23:52:08+00",
        "2024-08-07T23:52:19+00",
        "2024-08-07T23:52:28+00",
        "2024-08-07T23:52:38+00",
        "2024-08-07T23:52:49+00",
        "2024-08-07T23:52:58+00",
        "2024-08-07T23:53:19+00",
        "2024-08-07T23:53:28+00",
        "2024-08-07T23:53:38+00",
        "2024-08-07T23:53:49+00",
        "2024-08-07T23:54:19+00",
        "2024-08-07T23:54:28+00",
        "2024-08-07T23:54:38+00",
        "2024-08-07T23:54:48+00",
        "2024-08-07T23:54:58+00",
        "2024-08-07T23:55:19+00",
        "2024-08-07T23:55:28+00",
        "2024-08-07T23:55:38+00",
        "2024-08-07T23:55:48+00",
        "2024-08-07T23:55:58+00",
        "2024-08-07T23:56:19+00",
        "2024-08-07T23:56:28+00",
        "2024-08-07T23:56:38+00",
        "2024-08-07T23:56:48+00",
        "2024-08-07T23:56:58+00",
        "2024-08-07T23:57:28+00",
        "2024-08-07T23:57:38+00",
        "2024-08-07T23:57:48+00",
        "2024-08-07T23:57:58+00",
        "2024-08-07T23:58:19+00",
        "2024-08-07T23:58:28+00",
        "2024-08-07T23:58:38+00",
        "2024-08-07T23:58:49+00",
        "2024-08-07T23:58:58+00",
        "2024-08-07T23:59:19+00",
        "2024-08-07T23:59:28+00",
        "2024-08-07T23:59:39+00",
        "2024-08-07T23:59:49+00",
        "2024-08-07T23:59:58+00"
      ],
      "coordinates": [
        [
          521540.8524271933,
          5995709.1325980425
        ],
        [
          527584.9427516073,
          6002097.871513959
        ],
        [
          569588.7865754297,
          6024716.709190846
        ],
        [
          574764.4548185597,
          6024737.290649606
        ],
        [
          574791.3758571534,
          6024740.289874549
        ],
        [
          574940.9420918,
          6024766.328289244
        ],
        [
          575182.1323352279,
          6024812.571561257
        ],
        [
          575241.1817566708,
          6024825.894516442
        ],
        [
          575266.753269904,
          6024831.879214846
        ],
        [
          575483.9938247878,
          6024879.859504234
        ],
        [
          575576.6324439063,
          6024905.426069828
        ],
        [
          575612.6226000225,
          6024914.033059012
        ],
        [
          575776.4297623095,
          6024970.382566748
        ],
        [
          575809.3329510419,
          6024984.838435791
        ],
        [
          575974.3973115735,
          6025059.133735996
        ],
        [
          576010.9694136534,
          6025079.550357021
        ],
        [
          576177.8736085016,
          6025183.487020944
        ],
        [
          576211.0806568434,
          6025206.854159586
        ],
        [
          576299.9252296329,
          6025280.116215062
        ],
        [
          577619.0719143024,
          6027114.227922401
        ],
        [
          578019.9329498808,
          6028099.748479814
        ],
        [
          578160.6250587832,
          6028683.430559927
        ],
        [
          578225.2328491807,
          6028922.701162581
        ],
        [
          578558.2573231844,
          6029996.264661361
        ],
        [
          578726.3447973321,
          6030488.845797332
        ],
        [
          578743.1744357125,
          6030536.769165092
        ],
        [
          578840.8366071843,
          6030771.500719556
        ],
        [
          578860.8993006919,
          6030812.468890807
        ],
        [
          578880.4978296382,
          6030853.985618044
        ],
        [
          578925.9203523585,
          6030956.046738243
        ],
        [
          578972.0789801872,
          6031045.433647021
        ],
        [
          579015.9909802236,
          6031125.767465966
        ],
        [
          579071.7739502867,
          6031221.331762205
        ],
        [
          579180.0589240744,
          6031376.6805171985
        ],
        [
          579266.9155410855,
          6031506.174044937
        ],
        [
          579319.8544615594,
          6031585.554754359
        ],
        [
          579375.3720471835,
          6031669.543974742
        ],
        [
          579487.6296185051,
          6031837.768485538
        ],
        [
          579515.2693400178,
          6031878.982989712
        ],
        [
          579542.8930555165,
          6031921.087749727
        ],
        [
          579599.0470759664,
          6032005.313613752
        ],
        [
          579714.636360249,
          6032178.721800359
        ],
        [
          579740.0617987055,
          6032216.4490399435
        ],
        [
          579767.8875541638,
          6032257.891051744
        ],
        [
          579885.3953278166,
          6032428.443812175
        ],
        [
          580027.1584402097,
          6032632.36788264
        ],
        [
          580088.8882662039,
          6032719.48037764
        ],
        [
          580202.056818778,
          6032880.839796849
        ],
        [
          580234.1608136486,
          6032925.698871508
        ],
        [
          580260.81571742,
          6032963.116989799
        ],
        [
          580289.8603069715,
          6033004.806481165
        ],
        [
          580318.7097944878,
          6033046.492742904
        ],
        [
          580378.4922171232,
          6033129.346056265
        ],
        [
          580527.9377168942,
          6033340.211251658
        ],
        [
          580554.322410669,
          6033377.960354436
        ],
        [
          580589.3100374017,
          6033428.103870876
        ],
        [
          580645.635635382,
          6033507.783730199
        ],
        [
          580678.813412585,
          6033553.778119236
        ],
        [
          580708.2511400804,
          6033594.809686067
        ],
        [
          580731.7286133349,
          6033628.056723769
        ],
        [
          580823.3047384825,
          6033757.109551705
        ],
        [
          580850.7121133123,
          6033795.435098011
        ],
        [
          580887.3869280054,
          6033845.1657967325
        ],
        [
          580911.4453302531,
          6033878.424131539
        ],
        [
          580944.030112354,
          6033924.632698914
        ],
        [
          581006.553346371,
          6034012.551831078
        ],
        [
          581065.7087958285,
          6034096.405466026
        ],
        [
          581096.4243060006,
          6034138.1302157715
        ],
        [
          581126.6952667717,
          6034179.290813583
        ],
        [
          581183.3240315778,
          6034259.094577206
        ],
        [
          581216.5555444834,
          6034305.094172279
        ],
        [
          581273.7666034937,
[...]
        ],
        [
          665237.5001446696,
          6039759.526696983
        ],
        [
          665287.6162871054,
          6039736.840273487
        ],
        [
          665324.5438772446,
          6039720.136017248
        ],
        [
          665370.2929099163,
          6039699.853794432
        ],
        [
          665507.4858461088,
          6039638.785019224
        ],
        [
          665562.0175267147,
          6039614.256955097
        ],
        [
          665603.096844181,
          6039595.8121836195
        ],
        [
          665603.096844181,
          6039595.8121836195
        ],
        [
          665644.0996025093,
          6039577.699122667
        ],
        [
          665785.0896156153,
          6039514.103150677
        ],
        [
          665835.1344641232,
          6039491.753996173
        ],
        [
          665871.928541731,
          6039475.2718578465
        ],
        [
          665917.5692904424,
          6039454.545394453
        ],
        [
          665967.4211529421,
          6039432.1905957535
        ],
        [
          666053.5993013976,
          6039393.784056477
        ],
        [
          666149.1116812875,
          6039350.261607316
        ],
        [
          666244.864793936,
          6039307.306742667
        ],
        [
          666327.0919103187,
          6039270.65450737
        ],
        [
          666417.3377377649,
          6039229.395627192
        ],
        [
          666512.6507500559,
          6039186.2072775075
        ],
        [
          666598.8588144658,
          6039147.254718266
        ],
        [
          666689.2311570692,
          6039106.228334833
        ],
        [
          666788.9067047529,
          6039060.977350213
        ],
        [
          666833.904153019,
          6039040.347446443
        ],
        [
          666870.0579006232,
          6039023.849529114
        ],
        [
          666961.0183840867,
          6038982.84978849
        ],
        [
          667056.4231705888,
          6038939.230066931
        ],
        [
          667106.4728780256,
          6038917.117114293
        ],
        [
          667142.6245834241,
          6038900.732556338
        ],
        [
          667233.3391654291,
          6038859.506195962
        ],
        [
          667233.3391654291,
          6038859.506195962
        ],
        [
          667333.1636467159,
          6038814.049206975
        ],
        [
          667378.9436401994,
          6038793.45312978
        ],
        [
          667415.312166727,
          6038776.521671914
        ],
        [
          667469.5494139579,
          6038751.781706139
        ],
        [
          667505.9507309657,
          6038735.743199136
        ],
        [
          667600.4912959203,
          6038692.993595376
        ],
        [
          667650.1134626415,
          6038670.313682405
        ],
        [
          667685.8361395963,
          6038653.360524271
        ],
        [
          667731.3030076711,
          6038634.315650433
        ],
        [
          667776.4094781938,
          6038616.260393815
        ],
        [
          667821.8607519718,
          6038597.661338943
        ],
        [
          667867.3165085488,
          6038578.951498169
        ],
        [
          667913.3353056818,
          6038560.819739124
        ],
        [
          668013.9364819801,
          6038521.0860555805
        ],
        [
          668050.486896012,
          6038506.39377779
        ],
        [
          668096.2480512309,
          6038488.254286651
        ],
        [
          668146.5943697972,
          6038468.947710351
        ],
        [
          668279.1381664133,
          6038416.474691004
        ],
        [
          668324.8364274143,
          6038398.335069934
        ],
        [
          668370.3776478774,
          6038379.187634516
        ],
        [
          668416.2587418861,
          6038361.38978982
        ],
        [
          668462.3222712546,
          6038343.9332774775
        ],
        [
          668563.1957897953,
          6038305.8919880465
        ],
        [
          668599.4299982919,
          6038291.0808394095
        ],
        [
          668645.7377447684,
          6038274.080664634
        ],
        [
          668690.6337059599,
          6038254.912417535
        ],
        [
          668734.5025908578,
          6038233.701673054
        ],
        [
          668822.9615490395,
          6038192.867459669
        ],
        [
          668866.8717715367,
          6038172.327756745
        ],
        [
          668911.8622568919,
          6038154.167538161
        ],
        [
          668956.8201494016,
          6038136.897610949
        ],
        [
          669002.0499620012,
          6038119.304030955
        ],
        [
          669137.0535541319,
          6038065.832118428
        ],
        [
          669186.259492794,
          6038046.048671489
        ],
        [
          669226.5250833168,
          6038029.38690445
        ],
        [
          669271.886707783,
          6038011.800771303
        ],
        [
          669366.4851830254,
          6037973.654931065
        ],
        [
          669406.9176133012,
          6037957.7805735655
        ],
        [
          669451.7705683913,
          6037939.954484355
        ],
        [
          669506.0435211763,
          6037918.357665691
        ],
        [
          669542.1256031012,
          6037904.327699758
        ],
        [
          669642.7154568307,
          6037865.741746721
        ],
        [
          669678.9156094512,
          6037852.051362732
        ],
        [
          669724.0175668267,
          6037834.571250373
        ],
        [
          669773.5238253812,
          6037815.584725214
        ],
        [
          669813.8902702401,
          6037799.822743294
        ]
      ],
      "interpolation": "Linear",
      "base": null
    }
  ]
}
============================================================
PASSED
test_mobility_api.py::test_delete_single_moving_feature 
=== DELETE single feature 205106000 ===
→ URL: http://localhost:8080/collections/ships/items/205106000
← Status: 204
============================================================
PASSED
test_mobility_api.py::test_get_tgsequence 
===| GET TGSEQUENCE |===
==> GET http://localhost:8080/collections/ships/items/205106000/tgsequence
<== Status: 404
Response JSON: {
  "code": "404",
  "description": "Feature '205106000' not found"
}
============================================================

PASSED
test_mobility_api.py::test_distance_query 
===| CREATE QUERY_TEST COLLECTION |===
==> POST http://localhost:8080/collections
Request JSON: {
  "title": "query_test",
  "description": "Collection for query testing",
  "updateFrequency": 1000,
  "itemType": "movingfeature"
}
<== Status: 409
Response JSON: {
  "code": "409",
  "description": "Collection \"query_test\" already exists."
}
============================================================


===| CREATE QUERY TEST FEATURE |===
==> POST http://localhost:8080/collections/query_test/items
Request JSON: {
  "type": "Feature",
  "id": "query_test_001",
  "crs": {
    "type": "name",
    "properties": "urn:ogc:def:crs:EPSG::4326"
  },
  "temporalGeometry": {
    "type": "MovingPoint",
    "datetimes": [
      "2024-03-01 00:00:00+00",
      "2024-03-01 00:15:00+00",
      "2024-03-01 00:30:00+00",
      "2024-03-01 00:45:00+00",
      "2024-03-01 01:00:00+00"
    ],
    "coordinates": [
      [
        12.675237,
        54.524345
      ],
      [
        12.685237,
        54.534345
      ],
      [
        12.695237,
        54.544345
      ],
      [
        12.705237,
        54.554345
    
<== Status: 201
Response JSON: {
  "message": "Created 0 features",
  "ids": []
}
============================================================


===| GET TEMPORAL GEOMETRY ID |===
==> GET http://localhost:8080/collections/query_test/items/query_test_001/tgsequence
<== Status: 200
Response JSON: {
  "type": "TemporalGeometrySequence",
  "geometrySequence": [
    {
      "id": 142,
      "type": "MovingPoint",
      "datetimes": [
        "2024-03-01T00:00:00+00",
        "2024-03-01T01:00:00+00"
      ],
      "coordinates": [
        [
          12.675237,
          54.524345
        ],
        [
          12.715237,
          54.564345
        ]
      ],
      "interpolation": "Linear",
      "base": null
    }
  ],
  "links": [
    {
      "href": "/collections/query_test/items/query_test_001/tgsequence",
      "rel": "self",
      "type": "application/json"
    }
  ],
  "timeStamp": "2026-05-22T10:29:56.791958Z",
  "numberMatched": 1,
  "numberReturned": 1
}
============================================================


===| DISTANCE QUERY |===
==> GET http://localhost:8080/collections/query_test/items/query_test_001/tgsequence/142/distance
<== Status: 200
Response JSON: {
  "name": "distance",
  "type": "TReal",
  "form": "meters",
  "description": [
    "a graph of the time to distance function as a form of the TemporalProperty."
  ],
  "values": {
    "datetimes": [
      "2024-03-01T00:00:00+00:00",
      "2024-03-01T01:00:00+00:00"
    ],
    "values": [
      0.0,
      0.056569
    ]
  },
  "links": [
    {
      "href": "http://localhost:8080/collections/query_test/items/query_test_001/tgsequence/142/distance",
      "rel": "self",
      "type": "application/json"
    }
  ]
}
============================================================

PASSED
test_mobility_api.py::test_velocity_query 
===| VELOCITY QUERY |===
==> GET http://localhost:8080/collections/query_test/items/query_test_001/tgsequence/142/velocity
<== Status: 200
Response JSON: {
  "name": "velocity",
  "type": "TReal",
  "form": "m/s",
  "description": [
    "a graph of the time to velocity function as a form of the TemporalProperty."
  ],
  "values": {
    "datetimes": [
      "2024-03-01T00:00:00+00:00",
      "2024-03-01T01:00:00+00:00"
    ],
    "values": [
      1.5713484026369133e-05,
      1.5713484026369133e-05
    ]
  },
  "links": [
    {
      "href": "http://localhost:8080/collections/query_test/items/query_test_001/tgsequence/142/velocity",
      "rel": "self",
      "type": "application/json"
    }
  ]
}
============================================================

PASSED
test_mobility_api.py::test_acceleration_query 
===| ACCELERATION QUERY |===
==> GET http://localhost:8080/collections/query_test/items/query_test_001/tgsequence/142/acceleration
<== Status: 200
Response JSON: {
  "name": "acceleration",
  "type": "TReal",
  "form": "m/s\u00b2",
  "description": "a graph of the time to acceleration function as a form of the TemporalProperty.",
  "values": {
    "datetimes": [
      "2024-03-01T00:00:00+00:00",
      "2024-03-01T01:00:00+00:00"
    ],
    "values": [
      0.0,
      0.0
    ]
  },
  "links": [
    {
      "href": "http://localhost:8080/collections/query_test/items/query_test_001/tgsequence/142/acceleration",
      "rel": "self",
      "type": "application/json"
    }
  ]
}
============================================================

PASSED
test_mobility_api.py::test_query_with_invalid_geometry_id 
===| INVALID TEMPORAL GEOMETRY ID |===
==> GET http://localhost:8080/collections/query_test/items/query_test_001/tgsequence/999999/distance
<== Status: 404
Response JSON: {
  "code": "404",
  "description": "Temporal geometry '999999' not found for feature 'query_test_001'"
}
============================================================

PASSED
test_mobility_api.py::test_query_with_invalid_feature_id 
===| INVALID FEATURE ID |===
==> GET http://localhost:8080/collections/query_test/items/invalid_feature/tgsequence/142/distance
<== Status: 404
Response JSON: {
  "code": "404",
  "description": "Feature 'invalid_feature' not found in collection 'query_test'"
}
============================================================

PASSED
test_mobility_api.py::test_query_with_invalid_collection_id 
===| INVALID COLLECTION ID |===
==> GET http://localhost:8080/collections/invalid_collection/items/query_test_001/tgsequence/142/distance
<== Status: 404
Response JSON: {
  "code": "404",
  "description": "Collection 'invalid_collection' not found"
}
============================================================

PASSED
test_mobility_api.py::test_create_temporal_property 
===| CREATE TEMPORAL PROPERTY |===
==> POST http://localhost:8080/collections/prop_test/items/prop_test_001/tproperties
Request JSON: {
  "name": "speed",
  "type": "TReal",
  "form": "KMH",
  "description": "Speed over ground"
}
<== Status: 201
Response Text: 
============================================================

PASSED
test_mobility_api.py::test_create_temporal_property_with_values 
===| CREATE TEMPORAL PROPERTY |===
==> POST http://localhost:8080/collections/prop_test/items/prop_test_001/tproperties
Request JSON: {
  "datetimes": [
    "2011-07-14T22:01:06.000Z",
    "2011-07-14T22:01:07.000Z",
    "2011-07-14T22:01:08.000Z"
  ],
  "speedv2": {
    "type": "TReal",
    "form": "KMH",
    "values": [
      65.0,
      70.0,
      80.0
    ],
    "interpolation": "Linear"
  }
}
<== Status: 409
Response JSON: {
  "code": "409",
  "description": "Property 'speedv2' already exists for this feature"
}
============================================================

PASSED
test_mobility_api.py::test_get_temporal_properties_list 
===| GET TEMPORAL PROPERTIES LIST |===
==> GET http://localhost:8080/collections/prop_test/items/prop_test_001/tproperties
<== Status: 200
Response JSON: {
  "temporalProperties": [
    {
      "name": "speed",
      "type": "TReal",
      "form": "KMH",
      "interpolation": "linear",
      "description": "Speed over ground"
    },
    {
      "name": "speedv2",
      "type": "TReal",
      "form": "KMH",
      "interpolation": "linear",
      "description": ""
    }
  ],
  "links": [
    {
      "href": "http://localhost:8080/collections/prop_test/items/prop_test_001/tproperties",
      "rel": "self",
      "type": "application/json"
    }
  ],
  "timeStamp": "2026-05-22T10:29:56.810020Z",
  "numberMatched": 2,
  "numberReturned": 2
}
============================================================

PASSED
test_mobility_api.py::test_tproperties_subtemporal_with_datetime 
===| GET TEMPORAL PROPERTIES LIST WITH SUBTEMPORAL |===
==> GET http://localhost:8080/collections/prop_test/items/prop_test_001/tproperties?datetime=2011-07-14T22%3A01%3A06%2B00/2011-07-14T22%3A01%3A07%2B00
<== Status: 200
Response JSON: {
  "temporalProperties": [
    {
      "name": "speedv2",
      "type": "TReal",
      "form": "KMH",
      "interpolation": "linear",
      "description": ""
    }
  ],
  "links": [
    {
      "href": "http://localhost:8080/collections/prop_test/items/prop_test_001/tproperties",
      "rel": "self",
      "type": "application/json"
    }
  ],
  "timeStamp": "2026-05-22T10:29:56.811718Z",
  "numberMatched": 1,
  "numberReturned": 1
}
============================================================

PASSED
test_mobility_api.py::test_tproperties_subtemporal_with_subtemporal 
===| GET TEMPORAL PROPERTIES LIST WITH SUBTEMPORAL |===
==> GET http://localhost:8080/collections/prop_test/items/prop_test_001/tproperties?subTemporalValue=true&datetime=2011-07-14T22%3A01%3A06%2B00/2011-07-14T22%3A01%3A07%2B00
<== Status: 200
Response JSON: {
  "temporalProperties": [
    {
      "datetimes": [
        "2011-07-14T22:01:06+00:00",
        "2011-07-14T22:01:07+00:00"
      ],
      "speedv2": {
        "type": "TReal",
        "form": "KMH",
        "values": [
          65.0,
          70.0
        ],
        "interpolation": "Linear",
        "description": ""
      }
    }
  ],
  "links": [
    {
      "href": "http://localhost:8080/collections/prop_test/items/prop_test_001/tproperties",
      "rel": "self",
      "type": "application/json"
    }
  ],
  "timeStamp": "2026-05-22T10:29:56.813536Z",
  "numberMatched": 1,
  "numberReturned": 1
}
============================================================

PASSED
test_mobility_api.py::test_add_temporal_values 
===| ADD TEMPORAL VALUES |===
==> POST http://localhost:8080/collections/prop_test/items/prop_test_001/tproperties/speed
Request JSON: {
  "datetimes": [
    "2024-03-01T00:00:00Z",
    "2024-03-01T00:30:00Z",
    "2024-03-01T01:00:00Z"
  ],
  "values": [
    15.5,
    15.8,
    16.2
  ],
  "interpolation": "Linear"
}
<== Status: 201
Response JSON: {
  "message": "Values added successfully",
  "id": 6
}
============================================================

PASSED
test_mobility_api.py::test_get_temporal_property 
===| GET TEMPORAL PROPERTY |===
==> GET http://localhost:8080/collections/prop_test/items/prop_test_001/tproperties/speed
<== Status: 200
Response JSON: {
  "temporalProperties": [
    {
      "datetimes": [
        "2024-03-01T00:00:00+00:00",
        "2024-03-01T00:30:00+00:00",
        "2024-03-01T01:00:00+00:00"
      ],
      "values": [
        15.5,
        15.8,
        16.2
      ],
      "interpolation": "Linear"
    }
  ],
  "links": [
    {
      "href": "http://localhost:8080/collections/prop_test/items/prop_test_001/tproperties/speed",
      "rel": "self",
      "type": "application/json"
    }
  ]
}
============================================================

PASSED
test_mobility_api.py::test_get_temporal_property_with_datetime 
===| GET TEMPORAL PROPERTY WITH DATETIME FILTER |===
==> GET http://localhost:8080/collections/prop_test/items/prop_test_001/tproperties/speed?datetime=2024-03-01T00%3A00%3A00Z/2024-03-01T00%3A30%3A00Z
<== Status: 200
Response JSON: {
  "temporalProperties": [
    {
      "datetimes": [
        "2024-03-01T00:00:00+00:00",
        "2024-03-01T00:30:00+00:00",
        "2024-03-01T01:00:00+00:00"
      ],
      "values": [
        15.5,
        15.8,
        16.2
      ],
      "interpolation": "Linear"
    },
    {
      "datetimes": [
        "2024-03-01T00:00:00+00:00",
        "2024-03-01T00:30:00+00:00",
        "2024-03-01T01:00:00+00:00"
      ],
      "values": [
        15.5,
        15.8,
        16.2
      ],
      "interpolation": "Linear"
    }
  ],
  "links": [
    {
      "href": "http://localhost:8080/collections/prop_test/items/prop_test_001/tproperties/speed",
      "rel": "self",
      "type": "application/json"
    }
  ]
}
============================================================

PASSED
test_mobility_api.py::test_get_temporal_property_with_subtemporal 
===| GET TEMPORAL PROPERTY WITH SUBTEMPORALVALUE |===
==> GET http://localhost:8080/collections/prop_test/items/prop_test_001/tproperties/speed?subTemporalValue=true&datetime=2024-03-01T00%3A15%3A00Z/2024-03-01T00%3A45%3A00Z
<== Status: 200
Response JSON: {
  "temporalProperties": [
    {
      "datetimes": [
        "2024-03-01T00:30:00+00:00"
      ],
      "values": [
        15.8
      ],
      "interpolation": "Linear"
    }
  ],
  "links": [
    {
      "href": "http://localhost:8080/collections/prop_test/items/prop_test_001/tproperties/speed",
      "rel": "self",
      "type": "application/json"
    }
  ]
}
============================================================

PASSED
test_mobility_api.py::test_delete_temporal_property 
===| DELETE TEMPORAL PROPERTY |===
==> DELETE http://localhost:8080/collections/prop_test/items/prop_test_001/tproperties/speed
<== Status: 204
Response Text: 
============================================================

PASSED
test_mobility_api.py::test_finalize #######################################################################################
***************************************END OF TESTS************************************
#######################################################################################
PASSED

============================== 35 passed in 4.35s ==============================
